2026-04-01 07:06:02 [Analyst Revision Tracker] INFO === Analyst Revision Tracker (ID 8) starting ===
2026-04-01 07:06:02 [Analyst Revision Tracker] INFO Loaded 731 securities
2026-04-01 07:06:02 [Analyst Revision Tracker] INFO Fetching...
2026-04-01 07:06:02 [Analyst Revision Tracker] INFO Fetching analyst recommendations for 686 equities...
2026-04-01 07:06:10 [Analyst Revision Tracker] INFO   Progress: 55/686, pausing for rate limit...
2026-04-01 07:07:19 [Analyst Revision Tracker] INFO   Progress: 110/686, pausing for rate limit...
2026-04-01 07:08:29 [Analyst Revision Tracker] INFO   Progress: 165/686, pausing for rate limit...
2026-04-01 07:09:38 [Analyst Revision Tracker] INFO   Progress: 220/686, pausing for rate limit...
2026-04-01 07:10:47 [Analyst Revision Tracker] INFO   Progress: 275/686, pausing for rate limit...
2026-04-01 07:11:55 [Analyst Revision Tracker] INFO   Progress: 330/686, pausing for rate limit...
2026-04-01 07:13:04 [Analyst Revision Tracker] INFO   Progress: 385/686, pausing for rate limit...
2026-04-01 07:14:13 [Analyst Revision Tracker] INFO   Progress: 440/686, pausing for rate limit...
2026-04-01 07:15:22 [Analyst Revision Tracker] INFO   Progress: 495/686, pausing for rate limit...
2026-04-01 07:16:32 [Analyst Revision Tracker] INFO   Progress: 550/686, pausing for rate limit...
2026-04-01 07:17:42 [Analyst Revision Tracker] INFO   Progress: 605/686, pausing for rate limit...
2026-04-01 07:18:50 [Analyst Revision Tracker] INFO   Progress: 660/686, pausing for rate limit...
2026-04-01 07:19:56 [Analyst Revision Tracker] INFO Fetch complete — stats so far: {'fetched': 584, 'transformed': 0, 'stored': 0, 'errors': 0, 'skipped': 102, 'elapsed': 0.0}
2026-04-01 07:19:56 [Analyst Revision Tracker] INFO Transforming...
2026-04-01 07:19:57 [Analyst Revision Tracker] INFO Transformed 2336 rows
2026-04-01 07:19:57 [Analyst Revision Tracker] INFO Storing...
2026-04-01 07:19:57 [Analyst Revision Tracker] INFO Writing 2336 analyst recommendation periods...
2026-04-01 07:19:57 [Analyst Revision Tracker] INFO Stored 2336 rows
2026-04-01 07:19:57 [Analyst Revision Tracker] INFO Analyst actions: 584 fetched, 2336 stored, 102 skipped, 0 errors
2026-04-01 07:19:57 [Analyst Revision Tracker] INFO === Done in 834.97s | {'fetched': 584, 'transformed': 2336, 'stored': 2336, 'errors': 0, 'skipped': 102, 'elapsed': 834.97} ===
