2026-04-01 07:18:01 [Analyst Ratings Detail] INFO === Analyst Ratings Detail (ID 36) starting ===
2026-04-01 07:18:01 [Analyst Ratings Detail] INFO Loaded 686 securities
2026-04-01 07:18:01 [Analyst Ratings Detail] INFO Fetching...
2026-04-01 07:18:01 [Analyst Ratings Detail] INFO Fetching analyst ratings for 686 equities...
2026-04-01 07:18:36 [Analyst Ratings Detail] INFO   Progress: 28/686, rate limit pause...
2026-04-01 07:20:14 [Analyst Ratings Detail] INFO   Progress: 56/686, rate limit pause...
2026-04-01 07:21:52 [Analyst Ratings Detail] INFO   Progress: 84/686, rate limit pause...
2026-04-01 07:23:29 [Analyst Ratings Detail] INFO   Progress: 112/686, rate limit pause...
2026-04-01 07:25:07 [Analyst Ratings Detail] INFO   Progress: 140/686, rate limit pause...
2026-04-01 07:26:45 [Analyst Ratings Detail] INFO   Progress: 168/686, rate limit pause...
2026-04-01 07:28:22 [Analyst Ratings Detail] INFO   Progress: 196/686, rate limit pause...
2026-04-01 07:29:59 [Analyst Ratings Detail] INFO   Progress: 224/686, rate limit pause...
2026-04-01 07:31:36 [Analyst Ratings Detail] INFO   Progress: 252/686, rate limit pause...
2026-04-01 07:33:14 [Analyst Ratings Detail] INFO   Progress: 280/686, rate limit pause...
2026-04-01 07:34:52 [Analyst Ratings Detail] INFO   Progress: 308/686, rate limit pause...
2026-04-01 07:36:31 [Analyst Ratings Detail] INFO   Progress: 336/686, rate limit pause...
2026-04-01 07:38:09 [Analyst Ratings Detail] INFO   Progress: 364/686, rate limit pause...
2026-04-01 07:39:46 [Analyst Ratings Detail] INFO   Progress: 392/686, rate limit pause...
2026-04-01 07:41:23 [Analyst Ratings Detail] INFO   Progress: 420/686, rate limit pause...
2026-04-01 07:43:01 [Analyst Ratings Detail] INFO   Progress: 448/686, rate limit pause...
2026-04-01 07:44:38 [Analyst Ratings Detail] INFO   Progress: 476/686, rate limit pause...
2026-04-01 07:46:15 [Analyst Ratings Detail] INFO   Progress: 504/686, rate limit pause...
2026-04-01 07:47:53 [Analyst Ratings Detail] INFO   Progress: 532/686, rate limit pause...
2026-04-01 07:49:30 [Analyst Ratings Detail] INFO   Progress: 560/686, rate limit pause...
2026-04-01 07:51:07 [Analyst Ratings Detail] INFO   Progress: 588/686, rate limit pause...
2026-04-01 07:52:45 [Analyst Ratings Detail] INFO   Progress: 616/686, rate limit pause...
2026-04-01 07:54:22 [Analyst Ratings Detail] INFO   Progress: 644/686, rate limit pause...
2026-04-01 07:55:59 [Analyst Ratings Detail] INFO   Progress: 672/686, rate limit pause...
2026-04-01 07:57:19 [Analyst Ratings Detail] INFO Fetch complete — stats so far: {'fetched': 0, 'transformed': 0, 'stored': 0, 'errors': 0, 'skipped': 0, 'elapsed': 0.0}
2026-04-01 07:57:19 [Analyst Ratings Detail] INFO Transforming...
2026-04-01 07:57:19 [Analyst Ratings Detail] INFO Transformed 0 rows
2026-04-01 07:57:19 [Analyst Ratings Detail] INFO No new rows — nothing to store
2026-04-01 07:57:19 [Analyst Ratings Detail] INFO Analyst ratings: 0 fetched, 0 stored, 0 errors
2026-04-01 07:57:19 [Analyst Ratings Detail] INFO === Done in 2358.12s | {'fetched': 0, 'transformed': 0, 'stored': 0, 'errors': 0, 'skipped': 0, 'elapsed': 2358.12} ===
