2026-03-31 06:15:02 [C-Suite Departure Tracker] INFO === C-Suite Departure Tracker (ID 11) starting ===
2026-03-31 06:15:02 [C-Suite Departure Tracker] INFO Loaded 577 securities
2026-03-31 06:15:02 [C-Suite Departure Tracker] INFO CIK cache loaded: 10447 tickers
2026-03-31 06:15:02 [C-Suite Departure Tracker] INFO Fetching...
2026-03-31 06:15:02 [C-Suite Departure Tracker] INFO Scanning 577 equities for C-suite departures...
2026-03-31 06:15:02 [C-Suite Departure Tracker] INFO   A: found 23 departure filings
2026-03-31 06:15:03 [C-Suite Departure Tracker] INFO   AA: found 20 departure filings
2026-03-31 06:15:03 [C-Suite Departure Tracker] INFO   AAL: found 26 departure filings
2026-03-31 06:15:03 [C-Suite Departure Tracker] INFO   AAPL: found 16 departure filings
2026-03-31 06:15:04 [C-Suite Departure Tracker] INFO   ABBV: found 21 departure filings
2026-03-31 06:15:04 [C-Suite Departure Tracker] INFO   ABNB: found 4 departure filings
2026-03-31 06:15:04 [C-Suite Departure Tracker] INFO   ABT: found 21 departure filings
2026-03-31 06:15:05 [C-Suite Departure Tracker] INFO   ACGL: found 29 departure filings
2026-03-31 06:15:05 [C-Suite Departure Tracker] INFO   ACN: found 8 departure filings
2026-03-31 06:15:05 [C-Suite Departure Tracker] INFO   ADBE: found 36 departure filings
2026-03-31 06:15:06 [C-Suite Departure Tracker] INFO   ADI: found 30 departure filings
2026-03-31 06:15:06 [C-Suite Departure Tracker] INFO   ADM: found 17 departure filings
2026-03-31 06:15:06 [C-Suite Departure Tracker] INFO   ADP: found 20 departure filings
2026-03-31 06:15:07 [C-Suite Departure Tracker] INFO   ADSK: found 41 departure filings
2026-03-31 06:15:07 [C-Suite Departure Tracker] INFO   AEE: found 27 departure filings
2026-03-31 06:15:07 [C-Suite Departure Tracker] INFO   AEHR: found 20 departure filings
2026-03-31 06:15:08 [C-Suite Departure Tracker] INFO   AEP: found 31 departure filings
2026-03-31 06:15:08 [C-Suite Departure Tracker] INFO   AFL: found 15 departure filings
2026-03-31 06:15:08 [C-Suite Departure Tracker] INFO   AFRM: found 12 departure filings
2026-03-31 06:15:09 [C-Suite Departure Tracker] INFO   AIG: found 35 departure filings
2026-03-31 06:15:09 [C-Suite Departure Tracker] INFO   AIZ: found 38 departure filings
2026-03-31 06:15:09 [C-Suite Departure Tracker] INFO   AKAM: found 23 departure filings
2026-03-31 06:15:10 [C-Suite Departure Tracker] INFO   ALB: found 37 departure filings
2026-03-31 06:15:10 [C-Suite Departure Tracker] INFO   ALK: found 23 departure filings
2026-03-31 06:15:10 [C-Suite Departure Tracker] INFO   ALLE: found 19 departure filings
2026-03-31 06:15:10 [C-Suite Departure Tracker] INFO   ALNY: found 33 departure filings
2026-03-31 06:15:11 [C-Suite Departure Tracker] INFO   AMAT: found 32 departure filings
2026-03-31 06:15:11 [C-Suite Departure Tracker] INFO   AMCR: found 12 departure filings
2026-03-31 06:15:11 [C-Suite Departure Tracker] INFO   AMD: found 36 departure filings
2026-03-31 06:15:12 [C-Suite Departure Tracker] INFO   AME: found 11 departure filings
2026-03-31 06:15:12 [C-Suite Departure Tracker] INFO   AMGN: found 9 departure filings
2026-03-31 06:15:12 [C-Suite Departure Tracker] INFO   AMP: found 8 departure filings
2026-03-31 06:15:13 [C-Suite Departure Tracker] INFO   AMT: found 39 departure filings
2026-03-31 06:15:13 [C-Suite Departure Tracker] INFO   AMZN: found 10 departure filings
2026-03-31 06:15:13 [C-Suite Departure Tracker] INFO   ANET: found 10 departure filings
2026-03-31 06:15:14 [C-Suite Departure Tracker] INFO   AON: found 46 departure filings
2026-03-31 06:15:14 [C-Suite Departure Tracker] INFO   APH: found 19 departure filings
2026-03-31 06:15:14 [C-Suite Departure Tracker] INFO   APO: found 14 departure filings
2026-03-31 06:15:15 [C-Suite Departure Tracker] INFO   APP: found 9 departure filings
2026-03-31 06:15:15 [C-Suite Departure Tracker] INFO   APTV: found 20 departure filings
2026-03-31 06:15:16 [C-Suite Departure Tracker] INFO   ARES: found 9 departure filings
2026-03-31 06:15:16 [C-Suite Departure Tracker] INFO   ATO: found 20 departure filings
2026-03-31 06:15:17 [C-Suite Departure Tracker] INFO   AVB: found 25 departure filings
2026-03-31 06:15:17 [C-Suite Departure Tracker] INFO   AVGO: found 17 departure filings
2026-03-31 06:15:17 [C-Suite Departure Tracker] INFO   AVY: found 36 departure filings
2026-03-31 06:15:18 [C-Suite Departure Tracker] INFO   AWK: found 32 departure filings
2026-03-31 06:15:18 [C-Suite Departure Tracker] INFO   AXON: found 29 departure filings
2026-03-31 06:15:18 [C-Suite Departure Tracker] INFO   AXP: found 18 departure filings
2026-03-31 06:15:18 [C-Suite Departure Tracker] INFO   Progress: 50/577
2026-03-31 06:15:19 [C-Suite Departure Tracker] INFO   AZO: found 26 departure filings
2026-03-31 06:15:19 [C-Suite Departure Tracker] INFO   BA: found 27 departure filings
2026-03-31 06:15:20 [C-Suite Departure Tracker] INFO   BAC: found 3 departure filings
2026-03-31 06:15:20 [C-Suite Departure Tracker] INFO   BBY: found 30 departure filings
2026-03-31 06:15:21 [C-Suite Departure Tracker] INFO   BE: found 18 departure filings
2026-03-31 06:15:21 [C-Suite Departure Tracker] INFO   BG: found 3 departure filings
2026-03-31 06:15:22 [C-Suite Departure Tracker] INFO   BIIB: found 27 departure filings
2026-03-31 06:15:22 [C-Suite Departure Tracker] INFO   BK: found 13 departure filings
2026-03-31 06:15:23 [C-Suite Departure Tracker] INFO   BKNG: found 37 departure filings
2026-03-31 06:15:23 [C-Suite Departure Tracker] INFO   BKR: found 31 departure filings
2026-03-31 06:15:23 [C-Suite Departure Tracker] INFO   BLK: found 2 departure filings
2026-03-31 06:15:24 [C-Suite Departure Tracker] INFO   BLNK: found 56 departure filings
2026-03-31 06:15:24 [C-Suite Departure Tracker] INFO   BMY: found 24 departure filings
2026-03-31 06:15:24 [C-Suite Departure Tracker] INFO   BNO: found 7 departure filings
2026-03-31 06:15:24 [C-Suite Departure Tracker] INFO   BR: found 12 departure filings
2026-03-31 06:15:25 [C-Suite Departure Tracker] INFO   BRK-A: found 8 departure filings
2026-03-31 06:15:25 [C-Suite Departure Tracker] INFO   BRK-B: found 8 departure filings
2026-03-31 06:15:25 [C-Suite Departure Tracker] INFO   BRO: found 48 departure filings
2026-03-31 06:15:26 [C-Suite Departure Tracker] INFO   BSX: found 26 departure filings
2026-03-31 06:15:26 [C-Suite Departure Tracker] INFO   BX: found 13 departure filings
2026-03-31 06:15:27 [C-Suite Departure Tracker] INFO   C: found 4 departure filings
2026-03-31 06:15:27 [C-Suite Departure Tracker] INFO   CAG: found 36 departure filings
2026-03-31 06:15:28 [C-Suite Departure Tracker] INFO   CAH: found 37 departure filings
2026-03-31 06:15:28 [C-Suite Departure Tracker] INFO   CANE: found 12 departure filings
2026-03-31 06:15:28 [C-Suite Departure Tracker] INFO   CARR: found 18 departure filings
2026-03-31 06:15:29 [C-Suite Departure Tracker] INFO   CAT: found 18 departure filings
2026-03-31 06:15:29 [C-Suite Departure Tracker] INFO   CB: found 12 departure filings
2026-03-31 06:15:29 [C-Suite Departure Tracker] INFO   CBOE: found 35 departure filings
2026-03-31 06:15:29 [C-Suite Departure Tracker] INFO   CBRE: found 37 departure filings
2026-03-31 06:15:30 [C-Suite Departure Tracker] INFO   CCI: found 54 departure filings
2026-03-31 06:15:30 [C-Suite Departure Tracker] INFO   CCL: found 28 departure filings
2026-03-31 06:15:31 [C-Suite Departure Tracker] INFO   CDNS: found 16 departure filings
2026-03-31 06:15:31 [C-Suite Departure Tracker] INFO   CEG: found 14 departure filings
2026-03-31 06:15:31 [C-Suite Departure Tracker] INFO   CG: found 25 departure filings
2026-03-31 06:15:32 [C-Suite Departure Tracker] INFO   CHPT: found 20 departure filings
2026-03-31 06:15:32 [C-Suite Departure Tracker] INFO   CHTR: found 19 departure filings
2026-03-31 06:15:32 [C-Suite Departure Tracker] INFO   CI: found 22 departure filings
2026-03-31 06:15:33 [C-Suite Departure Tracker] INFO   CINF: found 12 departure filings
2026-03-31 06:15:33 [C-Suite Departure Tracker] INFO   CL: found 22 departure filings
2026-03-31 06:15:33 [C-Suite Departure Tracker] INFO   CLF: found 27 departure filings
2026-03-31 06:15:34 [C-Suite Departure Tracker] INFO   CLX: found 26 departure filings
2026-03-31 06:15:34 [C-Suite Departure Tracker] INFO   CME: found 18 departure filings
2026-03-31 06:15:34 [C-Suite Departure Tracker] INFO   Progress: 100/577
2026-03-31 06:15:34 [C-Suite Departure Tracker] INFO   CMG: found 35 departure filings
2026-03-31 06:15:35 [C-Suite Departure Tracker] INFO   CMI: found 23 departure filings
2026-03-31 06:15:35 [C-Suite Departure Tracker] INFO   CMS: found 25 departure filings
2026-03-31 06:15:35 [C-Suite Departure Tracker] INFO   CNP: found 46 departure filings
2026-03-31 06:15:36 [C-Suite Departure Tracker] INFO   COIN: found 5 departure filings
2026-03-31 06:15:36 [C-Suite Departure Tracker] INFO   COR: found 24 departure filings
2026-03-31 06:15:36 [C-Suite Departure Tracker] INFO   COST: found 26 departure filings
2026-03-31 06:15:36 [C-Suite Departure Tracker] INFO   CPAY: found 30 departure filings
2026-03-31 06:15:37 [C-Suite Departure Tracker] INFO   CPER: found 7 departure filings
2026-03-31 06:15:37 [C-Suite Departure Tracker] INFO   CPRT: found 43 departure filings
2026-03-31 06:15:37 [C-Suite Departure Tracker] INFO   CPT: found 25 departure filings
2026-03-31 06:15:38 [C-Suite Departure Tracker] INFO   CRH: found 7 departure filings
2026-03-31 06:15:38 [C-Suite Departure Tracker] INFO   CRL: found 30 departure filings
2026-03-31 06:15:38 [C-Suite Departure Tracker] INFO   CRM: found 6 departure filings
2026-03-31 06:15:39 [C-Suite Departure Tracker] INFO   CRWD: found 17 departure filings
2026-03-31 06:15:39 [C-Suite Departure Tracker] INFO   CSCO: found 30 departure filings
2026-03-31 06:15:39 [C-Suite Departure Tracker] INFO   CSGP: found 22 departure filings
2026-03-31 06:15:40 [C-Suite Departure Tracker] INFO   CSX: found 52 departure filings
2026-03-31 06:15:40 [C-Suite Departure Tracker] INFO   CTAS: found 27 departure filings
2026-03-31 06:15:40 [C-Suite Departure Tracker] INFO   CTRA: found 17 departure filings
2026-03-31 06:15:41 [C-Suite Departure Tracker] INFO   CTSH: found 20 departure filings
2026-03-31 06:15:41 [C-Suite Departure Tracker] INFO   CTVA: found 15 departure filings
2026-03-31 06:15:41 [C-Suite Departure Tracker] INFO   CVNA: found 1 departure filings
2026-03-31 06:15:42 [C-Suite Departure Tracker] INFO   CVS: found 28 departure filings
2026-03-31 06:15:42 [C-Suite Departure Tracker] INFO   CVX: found 27 departure filings
2026-03-31 06:15:42 [C-Suite Departure Tracker] INFO   D: found 29 departure filings
2026-03-31 06:15:43 [C-Suite Departure Tracker] INFO   DAL: found 30 departure filings
2026-03-31 06:15:43 [C-Suite Departure Tracker] INFO   DASH: found 11 departure filings
2026-03-31 06:15:43 [C-Suite Departure Tracker] INFO   DBA: found 14 departure filings
2026-03-31 06:15:44 [C-Suite Departure Tracker] INFO   DBC: found 16 departure filings
2026-03-31 06:15:44 [C-Suite Departure Tracker] INFO   DD: found 21 departure filings
2026-03-31 06:15:44 [C-Suite Departure Tracker] INFO   DDOG: found 4 departure filings
2026-03-31 06:15:45 [C-Suite Departure Tracker] INFO   DE: found 26 departure filings
2026-03-31 06:15:45 [C-Suite Departure Tracker] INFO   DECK: found 22 departure filings
2026-03-31 06:15:45 [C-Suite Departure Tracker] INFO   DELL: found 14 departure filings
2026-03-31 06:15:46 [C-Suite Departure Tracker] INFO   DG: found 42 departure filings
2026-03-31 06:15:46 [C-Suite Departure Tracker] INFO   DGX: found 25 departure filings
2026-03-31 06:15:46 [C-Suite Departure Tracker] INFO   DIS: found 30 departure filings
2026-03-31 06:15:47 [C-Suite Departure Tracker] INFO   DLR: found 33 departure filings
2026-03-31 06:15:47 [C-Suite Departure Tracker] INFO   DLTR: found 46 departure filings
2026-03-31 06:15:47 [C-Suite Departure Tracker] INFO   DOC: found 30 departure filings
2026-03-31 06:15:48 [C-Suite Departure Tracker] INFO   DOCU: found 31 departure filings
2026-03-31 06:15:48 [C-Suite Departure Tracker] INFO   DPZ: found 21 departure filings
2026-03-31 06:15:48 [C-Suite Departure Tracker] INFO   DRI: found 19 departure filings
2026-03-31 06:15:49 [C-Suite Departure Tracker] INFO   DTE: found 37 departure filings
2026-03-31 06:15:49 [C-Suite Departure Tracker] INFO   DVA: found 26 departure filings
2026-03-31 06:15:49 [C-Suite Departure Tracker] INFO   Progress: 150/577
2026-03-31 06:15:49 [C-Suite Departure Tracker] INFO   DXCM: found 29 departure filings
2026-03-31 06:15:50 [C-Suite Departure Tracker] INFO   EA: found 14 departure filings
2026-03-31 06:15:50 [C-Suite Departure Tracker] INFO   EBAY: found 21 departure filings
2026-03-31 06:15:50 [C-Suite Departure Tracker] INFO   ECL: found 21 departure filings
2026-03-31 06:15:51 [C-Suite Departure Tracker] INFO   ED: found 10 departure filings
2026-03-31 06:15:51 [C-Suite Departure Tracker] INFO   EFX: found 24 departure filings
2026-03-31 06:15:51 [C-Suite Departure Tracker] INFO   EG: found 49 departure filings
2026-03-31 06:15:52 [C-Suite Departure Tracker] INFO   EIX: found 23 departure filings
2026-03-31 06:15:52 [C-Suite Departure Tracker] INFO   EL: found 20 departure filings
2026-03-31 06:15:52 [C-Suite Departure Tracker] INFO   ELV: found 21 departure filings
2026-03-31 06:15:53 [C-Suite Departure Tracker] INFO   EMR: found 39 departure filings
2026-03-31 06:15:53 [C-Suite Departure Tracker] INFO   ENPH: found 42 departure filings
2026-03-31 06:15:53 [C-Suite Departure Tracker] INFO   EOG: found 12 departure filings
2026-03-31 06:15:53 [C-Suite Departure Tracker] INFO   EPAM: found 25 departure filings
2026-03-31 06:15:54 [C-Suite Departure Tracker] INFO   EQIX: found 28 departure filings
2026-03-31 06:15:54 [C-Suite Departure Tracker] INFO   EQR: found 14 departure filings
2026-03-31 06:15:54 [C-Suite Departure Tracker] INFO   ERIE: found 12 departure filings
2026-03-31 06:15:55 [C-Suite Departure Tracker] INFO   ES: found 24 departure filings
2026-03-31 06:15:55 [C-Suite Departure Tracker] INFO   ESS: found 21 departure filings
2026-03-31 06:15:55 [C-Suite Departure Tracker] INFO   ESTC: found 13 departure filings
2026-03-31 06:15:56 [C-Suite Departure Tracker] INFO   ETN: found 37 departure filings
2026-03-31 06:15:56 [C-Suite Departure Tracker] INFO   ETR: found 18 departure filings
2026-03-31 06:15:56 [C-Suite Departure Tracker] INFO   EVGO: found 16 departure filings
2026-03-31 06:15:57 [C-Suite Departure Tracker] INFO   EVRG: found 23 departure filings
2026-03-31 06:15:57 [C-Suite Departure Tracker] INFO   EW: found 10 departure filings
2026-03-31 06:15:57 [C-Suite Departure Tracker] INFO   EXE: found 27 departure filings
2026-03-31 06:15:58 [C-Suite Departure Tracker] INFO   EXPD: found 26 departure filings
2026-03-31 06:15:58 [C-Suite Departure Tracker] INFO   EXPE: found 34 departure filings
2026-03-31 06:15:58 [C-Suite Departure Tracker] INFO   EXR: found 14 departure filings
2026-03-31 06:15:59 [C-Suite Departure Tracker] INFO   F: found 23 departure filings
2026-03-31 06:15:59 [C-Suite Departure Tracker] INFO   FANG: found 13 departure filings
2026-03-31 06:15:59 [C-Suite Departure Tracker] INFO   FCX: found 28 departure filings
2026-03-31 06:16:00 [C-Suite Departure Tracker] INFO   FDS: found 34 departure filings
2026-03-31 06:16:00 [C-Suite Departure Tracker] INFO   FDX: found 45 departure filings
2026-03-31 06:16:01 [C-Suite Departure Tracker] INFO   FICO: found 17 departure filings
2026-03-31 06:16:01 [C-Suite Departure Tracker] INFO   FIS: found 43 departure filings
2026-03-31 06:16:01 [C-Suite Departure Tracker] INFO   FISV: found 25 departure filings
2026-03-31 06:16:02 [C-Suite Departure Tracker] INFO   FOX: found 10 departure filings
2026-03-31 06:16:02 [C-Suite Departure Tracker] INFO   FOXA: found 10 departure filings
2026-03-31 06:16:03 [C-Suite Departure Tracker] INFO   FSLR: found 12 departure filings
2026-03-31 06:16:03 [C-Suite Departure Tracker] INFO   FTNT: found 22 departure filings
2026-03-31 06:16:03 [C-Suite Departure Tracker] INFO   Progress: 200/577
2026-03-31 06:16:03 [C-Suite Departure Tracker] INFO   FTV: found 22 departure filings
2026-03-31 06:16:04 [C-Suite Departure Tracker] INFO   GD: found 14 departure filings
2026-03-31 06:16:04 [C-Suite Departure Tracker] INFO   GDDY: found 30 departure filings
2026-03-31 06:16:04 [C-Suite Departure Tracker] INFO   GE: found 27 departure filings
2026-03-31 06:16:05 [C-Suite Departure Tracker] INFO   GEHC: found 10 departure filings
2026-03-31 06:16:05 [C-Suite Departure Tracker] INFO   GEV: found 4 departure filings
2026-03-31 06:16:06 [C-Suite Departure Tracker] INFO   GILD: found 29 departure filings
2026-03-31 06:16:06 [C-Suite Departure Tracker] INFO   GIS: found 23 departure filings
2026-03-31 06:16:06 [C-Suite Departure Tracker] INFO   GL: found 20 departure filings
2026-03-31 06:16:07 [C-Suite Departure Tracker] INFO   GLW: found 10 departure filings
2026-03-31 06:16:07 [C-Suite Departure Tracker] INFO   GM: found 34 departure filings
2026-03-31 06:16:07 [C-Suite Departure Tracker] INFO   GOLD: found 23 departure filings
2026-03-31 06:16:08 [C-Suite Departure Tracker] INFO   GOOG: found 8 departure filings
2026-03-31 06:16:08 [C-Suite Departure Tracker] INFO   GOOGL: found 8 departure filings
2026-03-31 06:16:08 [C-Suite Departure Tracker] INFO   GPC: found 21 departure filings
2026-03-31 06:16:08 [C-Suite Departure Tracker] INFO   GPN: found 17 departure filings
2026-03-31 06:16:09 [C-Suite Departure Tracker] INFO   GRMN: found 6 departure filings
2026-03-31 06:16:09 [C-Suite Departure Tracker] INFO   GS: found 3 departure filings
2026-03-31 06:16:10 [C-Suite Departure Tracker] INFO   GSG: found 9 departure filings
2026-03-31 06:16:10 [C-Suite Departure Tracker] INFO   H: found 18 departure filings
2026-03-31 06:16:10 [C-Suite Departure Tracker] INFO   HAL: found 24 departure filings
2026-03-31 06:16:11 [C-Suite Departure Tracker] INFO   HAS: found 21 departure filings
2026-03-31 06:16:11 [C-Suite Departure Tracker] INFO   HBAN: found 5 departure filings
2026-03-31 06:16:11 [C-Suite Departure Tracker] INFO   HD: found 23 departure filings
2026-03-31 06:16:12 [C-Suite Departure Tracker] INFO   HIG: found 24 departure filings
2026-03-31 06:16:12 [C-Suite Departure Tracker] INFO   HII: found 12 departure filings
2026-03-31 06:16:12 [C-Suite Departure Tracker] INFO   HLT: found 25 departure filings
2026-03-31 06:16:13 [C-Suite Departure Tracker] INFO   HOLX: found 48 departure filings
2026-03-31 06:16:13 [C-Suite Departure Tracker] INFO   HON: found 25 departure filings
2026-03-31 06:16:14 [C-Suite Departure Tracker] INFO   HOOD: found 13 departure filings
2026-03-31 06:16:14 [C-Suite Departure Tracker] INFO   HPE: found 30 departure filings
2026-03-31 06:16:14 [C-Suite Departure Tracker] INFO   HPQ: found 37 departure filings
2026-03-31 06:16:15 [C-Suite Departure Tracker] INFO   HRL: found 31 departure filings
2026-03-31 06:16:15 [C-Suite Departure Tracker] INFO   HSIC: found 28 departure filings
2026-03-31 06:16:15 [C-Suite Departure Tracker] INFO   HUBS: found 16 departure filings
2026-03-31 06:16:16 [C-Suite Departure Tracker] INFO   HUM: found 23 departure filings
2026-03-31 06:16:16 [C-Suite Departure Tracker] INFO   HWM: found 45 departure filings
2026-03-31 06:16:16 [C-Suite Departure Tracker] INFO   IAU: found 8 departure filings
2026-03-31 06:16:17 [C-Suite Departure Tracker] INFO   IBKR: found 6 departure filings
2026-03-31 06:16:17 [C-Suite Departure Tracker] INFO   IBM: found 18 departure filings
2026-03-31 06:16:17 [C-Suite Departure Tracker] INFO   ICE: found 11 departure filings
2026-03-31 06:16:18 [C-Suite Departure Tracker] INFO   IDXX: found 31 departure filings
2026-03-31 06:16:18 [C-Suite Departure Tracker] INFO   Progress: 250/577
2026-03-31 06:16:18 [C-Suite Departure Tracker] INFO   IFF: found 37 departure filings
2026-03-31 06:16:18 [C-Suite Departure Tracker] INFO   INCY: found 24 departure filings
2026-03-31 06:16:19 [C-Suite Departure Tracker] INFO   INTC: found 45 departure filings
2026-03-31 06:16:19 [C-Suite Departure Tracker] INFO   INTU: found 13 departure filings
2026-03-31 06:16:19 [C-Suite Departure Tracker] INFO   IONQ: found 21 departure filings
2026-03-31 06:16:19 [C-Suite Departure Tracker] INFO   IP: found 40 departure filings
2026-03-31 06:16:20 [C-Suite Departure Tracker] INFO   IQV: found 34 departure filings
2026-03-31 06:16:20 [C-Suite Departure Tracker] INFO   ISRG: found 17 departure filings
2026-03-31 06:16:20 [C-Suite Departure Tracker] INFO   IT: found 9 departure filings
2026-03-31 06:16:21 [C-Suite Departure Tracker] INFO   ITW: found 17 departure filings
2026-03-31 06:16:21 [C-Suite Departure Tracker] INFO   IVZ: found 8 departure filings
2026-03-31 06:16:21 [C-Suite Departure Tracker] INFO   J: found 38 departure filings
2026-03-31 06:16:22 [C-Suite Departure Tracker] INFO   JBL: found 22 departure filings
2026-03-31 06:16:22 [C-Suite Departure Tracker] INFO   JBLU: found 33 departure filings
2026-03-31 06:16:22 [C-Suite Departure Tracker] INFO   JNJ: found 23 departure filings
2026-03-31 06:16:23 [C-Suite Departure Tracker] INFO   JPM: found 2 departure filings
2026-03-31 06:16:23 [C-Suite Departure Tracker] INFO   KDP: found 38 departure filings
2026-03-31 06:16:23 [C-Suite Departure Tracker] INFO   KEYS: found 23 departure filings
2026-03-31 06:16:24 [C-Suite Departure Tracker] INFO   KIM: found 18 departure filings
2026-03-31 06:16:24 [C-Suite Departure Tracker] INFO   KKR: found 30 departure filings
2026-03-31 06:16:24 [C-Suite Departure Tracker] INFO   KMB: found 22 departure filings
2026-03-31 06:16:25 [C-Suite Departure Tracker] INFO   KMI: found 19 departure filings
2026-03-31 06:16:25 [C-Suite Departure Tracker] INFO   KO: found 28 departure filings
2026-03-31 06:16:25 [C-Suite Departure Tracker] INFO   KR: found 13 departure filings
2026-03-31 06:16:26 [C-Suite Departure Tracker] INFO   KVUE: found 9 departure filings
2026-03-31 06:16:26 [C-Suite Departure Tracker] INFO   LAC: found 3 departure filings
2026-03-31 06:16:26 [C-Suite Departure Tracker] INFO   LCID: found 19 departure filings
2026-03-31 06:16:27 [C-Suite Departure Tracker] INFO   LDOS: found 14 departure filings
2026-03-31 06:16:27 [C-Suite Departure Tracker] INFO   LEN: found 26 departure filings
2026-03-31 06:16:27 [C-Suite Departure Tracker] INFO   LH: found 24 departure filings
2026-03-31 06:16:28 [C-Suite Departure Tracker] INFO   LHX: found 33 departure filings
2026-03-31 06:16:28 [C-Suite Departure Tracker] INFO   LIN: found 15 departure filings
2026-03-31 06:16:29 [C-Suite Departure Tracker] INFO   LLY: found 10 departure filings
2026-03-31 06:16:29 [C-Suite Departure Tracker] INFO   LMT: found 30 departure filings
2026-03-31 06:16:29 [C-Suite Departure Tracker] INFO   LNT: found 30 departure filings
2026-03-31 06:16:30 [C-Suite Departure Tracker] INFO   LOW: found 28 departure filings
2026-03-31 06:16:30 [C-Suite Departure Tracker] INFO   LRCX: found 30 departure filings
2026-03-31 06:16:30 [C-Suite Departure Tracker] INFO   LULU: found 43 departure filings
2026-03-31 06:16:31 [C-Suite Departure Tracker] INFO   LUV: found 27 departure filings
2026-03-31 06:16:31 [C-Suite Departure Tracker] INFO   LVS: found 63 departure filings
2026-03-31 06:16:31 [C-Suite Departure Tracker] INFO   LYB: found 22 departure filings
2026-03-31 06:16:32 [C-Suite Departure Tracker] INFO   LYFT: found 25 departure filings
2026-03-31 06:16:32 [C-Suite Departure Tracker] INFO   LYV: found 26 departure filings
2026-03-31 06:16:32 [C-Suite Departure Tracker] INFO   MA: found 20 departure filings
2026-03-31 06:16:33 [C-Suite Departure Tracker] INFO   MAA: found 12 departure filings
2026-03-31 06:16:33 [C-Suite Departure Tracker] INFO   MAR: found 21 departure filings
2026-03-31 06:16:33 [C-Suite Departure Tracker] INFO   MAS: found 37 departure filings
2026-03-31 06:16:34 [C-Suite Departure Tracker] INFO   MCD: found 37 departure filings
2026-03-31 06:16:34 [C-Suite Departure Tracker] INFO   MCHP: found 20 departure filings
2026-03-31 06:16:34 [C-Suite Departure Tracker] INFO   MCK: found 34 departure filings
2026-03-31 06:16:35 [C-Suite Departure Tracker] INFO   MCO: found 23 departure filings
2026-03-31 06:16:35 [C-Suite Departure Tracker] INFO   MDB: found 13 departure filings
2026-03-31 06:16:35 [C-Suite Departure Tracker] INFO   MDLZ: found 45 departure filings
2026-03-31 06:16:36 [C-Suite Departure Tracker] INFO   MDT: found 27 departure filings
2026-03-31 06:16:36 [C-Suite Departure Tracker] INFO   MELI: found 35 departure filings
2026-03-31 06:16:36 [C-Suite Departure Tracker] INFO   MET: found 11 departure filings
2026-03-31 06:16:37 [C-Suite Departure Tracker] INFO   META: found 5 departure filings
2026-03-31 06:16:37 [C-Suite Departure Tracker] INFO   MGM: found 21 departure filings
2026-03-31 06:16:37 [C-Suite Departure Tracker] INFO   MKC: found 15 departure filings
2026-03-31 06:16:38 [C-Suite Departure Tracker] INFO   MLM: found 18 departure filings
2026-03-31 06:16:38 [C-Suite Departure Tracker] INFO   MMM: found 29 departure filings
2026-03-31 06:16:38 [C-Suite Departure Tracker] INFO   MNST: found 17 departure filings
2026-03-31 06:16:39 [C-Suite Departure Tracker] INFO   MO: found 34 departure filings
2026-03-31 06:16:39 [C-Suite Departure Tracker] INFO   MOH: found 23 departure filings
2026-03-31 06:16:39 [C-Suite Departure Tracker] INFO   MP: found 7 departure filings
2026-03-31 06:16:40 [C-Suite Departure Tracker] INFO   MPC: found 31 departure filings
2026-03-31 06:16:40 [C-Suite Departure Tracker] INFO   MPWR: found 6 departure filings
2026-03-31 06:16:40 [C-Suite Departure Tracker] INFO   MRK: found 15 departure filings
2026-03-31 06:16:41 [C-Suite Departure Tracker] INFO   MRNA: found 10 departure filings
2026-03-31 06:16:41 [C-Suite Departure Tracker] INFO   MRVL: found 9 departure filings
2026-03-31 06:16:42 [C-Suite Departure Tracker] INFO   MS: found 2 departure filings
2026-03-31 06:16:42 [C-Suite Departure Tracker] INFO   MSCI: found 43 departure filings
2026-03-31 06:16:42 [C-Suite Departure Tracker] INFO   MSFT: found 7 departure filings
2026-03-31 06:16:43 [C-Suite Departure Tracker] INFO   MSI: found 21 departure filings
2026-03-31 06:16:43 [C-Suite Departure Tracker] INFO   MSTR: found 20 departure filings
2026-03-31 06:16:43 [C-Suite Departure Tracker] INFO   MTCH: found 22 departure filings
2026-03-31 06:16:44 [C-Suite Departure Tracker] INFO   MTZ: found 19 departure filings
2026-03-31 06:16:44 [C-Suite Departure Tracker] INFO   MU: found 26 departure filings
2026-03-31 06:16:44 [C-Suite Departure Tracker] INFO   NCLH: found 56 departure filings
2026-03-31 06:16:45 [C-Suite Departure Tracker] INFO   NEE: found 20 departure filings
2026-03-31 06:16:45 [C-Suite Departure Tracker] INFO   NEM: found 18 departure filings
2026-03-31 06:16:45 [C-Suite Departure Tracker] INFO   NET: found 7 departure filings
2026-03-31 06:16:45 [C-Suite Departure Tracker] INFO   Progress: 350/577
2026-03-31 06:16:46 [C-Suite Departure Tracker] INFO   NFLX: found 9 departure filings
2026-03-31 06:16:46 [C-Suite Departure Tracker] INFO   NI: found 38 departure filings
2026-03-31 06:16:47 [C-Suite Departure Tracker] INFO   NKE: found 34 departure filings
2026-03-31 06:16:47 [C-Suite Departure Tracker] INFO   NOC: found 27 departure filings
2026-03-31 06:16:47 [C-Suite Departure Tracker] INFO   NOW: found 12 departure filings
2026-03-31 06:16:48 [C-Suite Departure Tracker] INFO   NRG: found 18 departure filings
2026-03-31 06:16:48 [C-Suite Departure Tracker] INFO   NSC: found 18 departure filings
2026-03-31 06:16:48 [C-Suite Departure Tracker] INFO   NTAP: found 48 departure filings
2026-03-31 06:16:49 [C-Suite Departure Tracker] INFO   NUE: found 39 departure filings
2026-03-31 06:16:49 [C-Suite Departure Tracker] INFO   NVDA: found 15 departure filings
2026-03-31 06:16:49 [C-Suite Departure Tracker] INFO   NWS: found 5 departure filings
2026-03-31 06:16:50 [C-Suite Departure Tracker] INFO   NWSA: found 5 departure filings
2026-03-31 06:16:50 [C-Suite Departure Tracker] INFO   NXPI: found 10 departure filings
2026-03-31 06:16:50 [C-Suite Departure Tracker] INFO   O: found 28 departure filings
2026-03-31 06:16:51 [C-Suite Departure Tracker] INFO   OKE: found 19 departure filings
2026-03-31 06:16:51 [C-Suite Departure Tracker] INFO   OKTA: found 27 departure filings
2026-03-31 06:16:52 [C-Suite Departure Tracker] INFO   ON: found 40 departure filings
2026-03-31 06:16:52 [C-Suite Departure Tracker] INFO   ORCL: found 22 departure filings
2026-03-31 06:16:52 [C-Suite Departure Tracker] INFO   OTIS: found 11 departure filings
2026-03-31 06:16:53 [C-Suite Departure Tracker] INFO   OXY: found 23 departure filings
2026-03-31 06:16:53 [C-Suite Departure Tracker] INFO   PALL: found 4 departure filings
2026-03-31 06:16:53 [C-Suite Departure Tracker] INFO   PATH: found 11 departure filings
2026-03-31 06:16:54 [C-Suite Departure Tracker] INFO   PAYC: found 39 departure filings
2026-03-31 06:16:54 [C-Suite Departure Tracker] INFO   PAYX: found 20 departure filings
2026-03-31 06:16:54 [C-Suite Departure Tracker] INFO   PCAR: found 12 departure filings
2026-03-31 06:16:54 [C-Suite Departure Tracker] INFO   PEG: found 27 departure filings
2026-03-31 06:16:55 [C-Suite Departure Tracker] INFO   PEP: found 34 departure filings
2026-03-31 06:16:55 [C-Suite Departure Tracker] INFO   PFE: found 11 departure filings
2026-03-31 06:16:55 [C-Suite Departure Tracker] INFO   PFG: found 14 departure filings
2026-03-31 06:16:56 [C-Suite Departure Tracker] INFO   PG: found 11 departure filings
2026-03-31 06:16:56 [C-Suite Departure Tracker] INFO   PH: found 20 departure filings
2026-03-31 06:16:57 [C-Suite Departure Tracker] INFO   PHM: found 36 departure filings
2026-03-31 06:16:57 [C-Suite Departure Tracker] INFO   PLD: found 25 departure filings
2026-03-31 06:16:57 [C-Suite Departure Tracker] INFO   PLTR: found 3 departure filings
2026-03-31 06:16:58 [C-Suite Departure Tracker] INFO   PLUG: found 24 departure filings
2026-03-31 06:16:58 [C-Suite Departure Tracker] INFO   PM: found 27 departure filings
2026-03-31 06:16:58 [C-Suite Departure Tracker] INFO   PNC: found 17 departure filings
2026-03-31 06:16:58 [C-Suite Departure Tracker] INFO   PNR: found 29 departure filings
2026-03-31 06:16:59 [C-Suite Departure Tracker] INFO   PNW: found 41 departure filings
2026-03-31 06:16:59 [C-Suite Departure Tracker] INFO   PPG: found 13 departure filings
2026-03-31 06:16:59 [C-Suite Departure Tracker] INFO   PPLT: found 4 departure filings
2026-03-31 06:17:00 [C-Suite Departure Tracker] INFO   PRIM: found 25 departure filings
2026-03-31 06:17:00 [C-Suite Departure Tracker] INFO   PRU: found 19 departure filings
2026-03-31 06:17:00 [C-Suite Departure Tracker] INFO   PSA: found 16 departure filings
2026-03-31 06:17:01 [C-Suite Departure Tracker] INFO   PSKY: found 2 departure filings
2026-03-31 06:17:01 [C-Suite Departure Tracker] INFO   PSX: found 24 departure filings
2026-03-31 06:17:01 [C-Suite Departure Tracker] INFO   Progress: 400/577
2026-03-31 06:17:01 [C-Suite Departure Tracker] INFO   PTC: found 36 departure filings
2026-03-31 06:17:02 [C-Suite Departure Tracker] INFO   PWR: found 42 departure filings
2026-03-31 06:17:02 [C-Suite Departure Tracker] INFO   PYPL: found 50 departure filings
2026-03-31 06:17:02 [C-Suite Departure Tracker] INFO   Q: found 3 departure filings
2026-03-31 06:17:03 [C-Suite Departure Tracker] INFO   QCOM: found 25 departure filings
2026-03-31 06:17:03 [C-Suite Departure Tracker] INFO   QRVO: found 28 departure filings
2026-03-31 06:17:04 [C-Suite Departure Tracker] INFO   RBLX: found 16 departure filings
2026-03-31 06:17:04 [C-Suite Departure Tracker] INFO   RCL: found 12 departure filings
2026-03-31 06:17:05 [C-Suite Departure Tracker] INFO   REG: found 19 departure filings
2026-03-31 06:17:05 [C-Suite Departure Tracker] INFO   REGN: found 10 departure filings
2026-03-31 06:17:05 [C-Suite Departure Tracker] INFO   RF: found 22 departure filings
2026-03-31 06:17:06 [C-Suite Departure Tracker] INFO   RIVN: found 11 departure filings
2026-03-31 06:17:06 [C-Suite Departure Tracker] INFO   RMD: found 13 departure filings
2026-03-31 06:17:06 [C-Suite Departure Tracker] INFO   ROKU: found 20 departure filings
2026-03-31 06:17:07 [C-Suite Departure Tracker] INFO   ROST: found 38 departure filings
2026-03-31 06:17:07 [C-Suite Departure Tracker] INFO   RSG: found 10 departure filings
2026-03-31 06:17:07 [C-Suite Departure Tracker] INFO   RTX: found 29 departure filings
2026-03-31 06:17:08 [C-Suite Departure Tracker] INFO   RUN: found 20 departure filings
2026-03-31 06:17:08 [C-Suite Departure Tracker] INFO   RVTY: found 20 departure filings
2026-03-31 06:17:08 [C-Suite Departure Tracker] INFO   SBUX: found 45 departure filings
2026-03-31 06:17:09 [C-Suite Departure Tracker] INFO   SCHW: found 10 departure filings
2026-03-31 06:17:09 [C-Suite Departure Tracker] INFO   SEDG: found 19 departure filings
2026-03-31 06:17:10 [C-Suite Departure Tracker] INFO   SHOP: found 2 departure filings
2026-03-31 06:17:10 [C-Suite Departure Tracker] INFO   SHW: found 19 departure filings
2026-03-31 06:17:10 [C-Suite Departure Tracker] INFO   SLB: found 20 departure filings
2026-03-31 06:17:10 [C-Suite Departure Tracker] INFO   SLV: found 8 departure filings
2026-03-31 06:17:11 [C-Suite Departure Tracker] INFO   SMCI: found 28 departure filings
2026-03-31 06:17:11 [C-Suite Departure Tracker] INFO   SNA: found 11 departure filings
2026-03-31 06:17:11 [C-Suite Departure Tracker] INFO   SNDK: found 3 departure filings
2026-03-31 06:17:12 [C-Suite Departure Tracker] INFO   SNOW: found 11 departure filings
2026-03-31 06:17:12 [C-Suite Departure Tracker] INFO   SOFI: found 16 departure filings
2026-03-31 06:17:12 [C-Suite Departure Tracker] INFO   SOLV: found 6 departure filings
2026-03-31 06:17:13 [C-Suite Departure Tracker] INFO   SOUN: found 3 departure filings
2026-03-31 06:17:13 [C-Suite Departure Tracker] INFO   SOYB: found 12 departure filings
2026-03-31 06:17:13 [C-Suite Departure Tracker] INFO   SPG: found 35 departure filings
2026-03-31 06:17:14 [C-Suite Departure Tracker] INFO   SPGI: found 22 departure filings
2026-03-31 06:17:15 [C-Suite Departure Tracker] INFO   SRE: found 14 departure filings
2026-03-31 06:17:15 [C-Suite Departure Tracker] INFO   STE: found 9 departure filings
2026-03-31 06:17:16 [C-Suite Departure Tracker] INFO   STLD: found 10 departure filings
2026-03-31 06:17:16 [C-Suite Departure Tracker] INFO   STT: found 7 departure filings
2026-03-31 06:17:16 [C-Suite Departure Tracker] INFO   STZ: found 31 departure filings
2026-03-31 06:17:17 [C-Suite Departure Tracker] INFO   SW: found 4 departure filings
2026-03-31 06:17:17 [C-Suite Departure Tracker] INFO   SWK: found 29 departure filings
2026-03-31 06:17:18 [C-Suite Departure Tracker] INFO   SYF: found 9 departure filings
2026-03-31 06:17:18 [C-Suite Departure Tracker] INFO   SYK: found 15 departure filings
2026-03-31 06:17:18 [C-Suite Departure Tracker] INFO   SYY: found 36 departure filings
2026-03-31 06:17:18 [C-Suite Departure Tracker] INFO   T: found 7 departure filings
2026-03-31 06:17:19 [C-Suite Departure Tracker] INFO   TAP: found 27 departure filings
2026-03-31 06:17:19 [C-Suite Departure Tracker] INFO   TDG: found 19 departure filings
2026-03-31 06:17:20 [C-Suite Departure Tracker] INFO   TDY: found 52 departure filings
2026-03-31 06:17:20 [C-Suite Departure Tracker] INFO   TEAM: found 9 departure filings
2026-03-31 06:17:20 [C-Suite Departure Tracker] INFO   TECH: found 31 departure filings
2026-03-31 06:17:21 [C-Suite Departure Tracker] INFO   TER: found 26 departure filings
2026-03-31 06:17:21 [C-Suite Departure Tracker] INFO   TFC: found 21 departure filings
2026-03-31 06:17:21 [C-Suite Departure Tracker] INFO   TGT: found 36 departure filings
2026-03-31 06:17:22 [C-Suite Departure Tracker] INFO   TKO: found 5 departure filings
2026-03-31 06:17:22 [C-Suite Departure Tracker] INFO   TMO: found 14 departure filings
2026-03-31 06:17:23 [C-Suite Departure Tracker] INFO   TMUS: found 35 departure filings
2026-03-31 06:17:23 [C-Suite Departure Tracker] INFO   TPL: found 4 departure filings
2026-03-31 06:17:23 [C-Suite Departure Tracker] INFO   TRGP: found 21 departure filings
2026-03-31 06:17:24 [C-Suite Departure Tracker] INFO   TRMB: found 24 departure filings
2026-03-31 06:17:25 [C-Suite Departure Tracker] INFO   TSCO: found 33 departure filings
2026-03-31 06:17:25 [C-Suite Departure Tracker] INFO   TSLA: found 19 departure filings
2026-03-31 06:17:25 [C-Suite Departure Tracker] INFO   TSN: found 43 departure filings
2026-03-31 06:17:26 [C-Suite Departure Tracker] INFO   TT: found 20 departure filings
2026-03-31 06:17:26 [C-Suite Departure Tracker] INFO   TTD: found 26 departure filings
2026-03-31 06:17:26 [C-Suite Departure Tracker] INFO   TWLO: found 23 departure filings
2026-03-31 06:17:26 [C-Suite Departure Tracker] INFO   Progress: 500/577
2026-03-31 06:17:27 [C-Suite Departure Tracker] INFO   TXN: found 23 departure filings
2026-03-31 06:17:27 [C-Suite Departure Tracker] INFO   TXT: found 13 departure filings
2026-03-31 06:17:27 [C-Suite Departure Tracker] INFO   TYL: found 6 departure filings
2026-03-31 06:17:28 [C-Suite Departure Tracker] INFO   U: found 21 departure filings
2026-03-31 06:17:28 [C-Suite Departure Tracker] INFO   UAL: found 40 departure filings
2026-03-31 06:17:28 [C-Suite Departure Tracker] INFO   UBER: found 14 departure filings
2026-03-31 06:17:29 [C-Suite Departure Tracker] INFO   ULTA: found 50 departure filings
2026-03-31 06:17:29 [C-Suite Departure Tracker] INFO   UNG: found 7 departure filings
2026-03-31 06:17:29 [C-Suite Departure Tracker] INFO   UNH: found 20 departure filings
2026-03-31 06:17:30 [C-Suite Departure Tracker] INFO   UNP: found 11 departure filings
2026-03-31 06:17:30 [C-Suite Departure Tracker] INFO   UPS: found 24 departure filings
2026-03-31 06:17:30 [C-Suite Departure Tracker] INFO   URI: found 24 departure filings
2026-03-31 06:17:31 [C-Suite Departure Tracker] INFO   USB: found 18 departure filings
2026-03-31 06:17:31 [C-Suite Departure Tracker] INFO   USO: found 7 departure filings
2026-03-31 06:17:32 [C-Suite Departure Tracker] INFO   V: found 23 departure filings
2026-03-31 06:17:32 [C-Suite Departure Tracker] INFO   VICI: found 16 departure filings
2026-03-31 06:17:32 [C-Suite Departure Tracker] INFO   VLO: found 37 departure filings
2026-03-31 06:17:33 [C-Suite Departure Tracker] INFO   VLTO: found 5 departure filings
2026-03-31 06:17:33 [C-Suite Departure Tracker] INFO   VMC: found 26 departure filings
2026-03-31 06:17:33 [C-Suite Departure Tracker] INFO   VRSK: found 20 departure filings
2026-03-31 06:17:34 [C-Suite Departure Tracker] INFO   VRSN: found 12 departure filings
2026-03-31 06:17:34 [C-Suite Departure Tracker] INFO   VRT: found 14 departure filings
2026-03-31 06:17:34 [C-Suite Departure Tracker] INFO   VRTX: found 5 departure filings
2026-03-31 06:17:35 [C-Suite Departure Tracker] INFO   VST: found 23 departure filings
2026-03-31 06:17:35 [C-Suite Departure Tracker] INFO   VTRS: found 15 departure filings
2026-03-31 06:17:36 [C-Suite Departure Tracker] INFO   VZ: found 14 departure filings
2026-03-31 06:17:36 [C-Suite Departure Tracker] INFO   WAB: found 20 departure filings
2026-03-31 06:17:36 [C-Suite Departure Tracker] INFO   WBD: found 29 departure filings
2026-03-31 06:17:37 [C-Suite Departure Tracker] INFO   WDAY: found 28 departure filings
2026-03-31 06:17:37 [C-Suite Departure Tracker] INFO   WDC: found 37 departure filings
2026-03-31 06:17:37 [C-Suite Departure Tracker] INFO   Progress: 550/577
2026-03-31 06:17:37 [C-Suite Departure Tracker] INFO   WEAT: found 12 departure filings
2026-03-31 06:17:38 [C-Suite Departure Tracker] INFO   WELL: found 33 departure filings
2026-03-31 06:17:38 [C-Suite Departure Tracker] INFO   WFC: found 2 departure filings
2026-03-31 06:17:38 [C-Suite Departure Tracker] INFO   WM: found 29 departure filings
2026-03-31 06:17:39 [C-Suite Departure Tracker] INFO   WMT: found 8 departure filings
2026-03-31 06:17:39 [C-Suite Departure Tracker] INFO   WOLF: found 57 departure filings
2026-03-31 06:17:39 [C-Suite Departure Tracker] INFO   WTW: found 12 departure filings
2026-03-31 06:17:40 [C-Suite Departure Tracker] INFO   WY: found 37 departure filings
2026-03-31 06:17:40 [C-Suite Departure Tracker] INFO   WYNN: found 40 departure filings
2026-03-31 06:17:40 [C-Suite Departure Tracker] INFO   XOM: found 22 departure filings
2026-03-31 06:17:41 [C-Suite Departure Tracker] INFO   XYL: found 25 departure filings
2026-03-31 06:17:41 [C-Suite Departure Tracker] INFO   XYZ: found 17 departure filings
2026-03-31 06:17:42 [C-Suite Departure Tracker] INFO   YUM: found 30 departure filings
2026-03-31 06:17:42 [C-Suite Departure Tracker] INFO   ZBH: found 23 departure filings
2026-03-31 06:17:42 [C-Suite Departure Tracker] INFO   ZBRA: found 21 departure filings
2026-03-31 06:17:42 [C-Suite Departure Tracker] INFO   ZM: found 18 departure filings
2026-03-31 06:17:43 [C-Suite Departure Tracker] INFO   ZS: found 18 departure filings
2026-03-31 06:17:43 [C-Suite Departure Tracker] INFO   ZTS: found 15 departure filings
2026-03-31 06:17:43 [C-Suite Departure Tracker] INFO Fetch complete — stats so far: {'fetched': 462, 'transformed': 0, 'stored': 0, 'errors': 0, 'skipped': 115, 'elapsed': 0.0}
2026-03-31 06:17:43 [C-Suite Departure Tracker] INFO Transforming...
2026-03-31 06:17:43 [C-Suite Departure Tracker] INFO Transformed 10138 rows
2026-03-31 06:17:43 [C-Suite Departure Tracker] INFO Storing...
2026-03-31 06:17:43 [C-Suite Departure Tracker] INFO Writing 10138 C-suite departure records...
2026-03-31 06:17:44 [C-Suite Departure Tracker] INFO Stored 10138 rows
2026-03-31 06:17:44 [C-Suite Departure Tracker] INFO C-Suite departures: 462 fetched, 10138 stored, 115 skipped, 0 errors
2026-03-31 06:17:44 [C-Suite Departure Tracker] INFO === Done in 162.19s | {'fetched': 462, 'transformed': 10138, 'stored': 10138, 'errors': 0, 'skipped': 115, 'elapsed': 162.19} ===
2026-04-01 06:03:01 [C-Suite Departure Tracker] INFO === C-Suite Departure Tracker (ID 11) starting ===
2026-04-01 06:03:01 [C-Suite Departure Tracker] INFO Loaded 686 securities
2026-04-01 06:03:01 [edgar_utils] INFO CIK cache loaded: 10447 tickers
2026-04-01 06:03:01 [C-Suite Departure Tracker] INFO Fetching...
2026-04-01 06:03:01 [C-Suite Departure Tracker] INFO Scanning 686 equities for C-suite departures...
2026-04-01 06:03:01 [C-Suite Departure Tracker] INFO   A: found 23 departure filings
2026-04-01 06:03:02 [C-Suite Departure Tracker] INFO   AA: found 20 departure filings
2026-04-01 06:03:02 [C-Suite Departure Tracker] INFO   AAL: found 26 departure filings
2026-04-01 06:03:02 [C-Suite Departure Tracker] INFO   AAPL: found 16 departure filings
2026-04-01 06:03:03 [C-Suite Departure Tracker] INFO   ABBV: found 21 departure filings
2026-04-01 06:03:03 [C-Suite Departure Tracker] INFO   ABNB: found 4 departure filings
2026-04-01 06:03:03 [C-Suite Departure Tracker] INFO   ABT: found 21 departure filings
2026-04-01 06:03:03 [C-Suite Departure Tracker] INFO   ACGL: found 29 departure filings
2026-04-01 06:03:04 [C-Suite Departure Tracker] INFO   ACN: found 8 departure filings
2026-04-01 06:03:04 [C-Suite Departure Tracker] INFO   ADBE: found 36 departure filings
2026-04-01 06:03:04 [C-Suite Departure Tracker] INFO   ADI: found 30 departure filings
2026-04-01 06:03:05 [C-Suite Departure Tracker] INFO   ADM: found 17 departure filings
2026-04-01 06:03:05 [C-Suite Departure Tracker] INFO   ADP: found 20 departure filings
2026-04-01 06:03:05 [C-Suite Departure Tracker] INFO   ADSK: found 41 departure filings
2026-04-01 06:03:06 [C-Suite Departure Tracker] INFO   AEE: found 27 departure filings
2026-04-01 06:03:06 [C-Suite Departure Tracker] INFO   AEHR: found 20 departure filings
2026-04-01 06:03:06 [C-Suite Departure Tracker] INFO   AEP: found 31 departure filings
2026-04-01 06:03:07 [C-Suite Departure Tracker] INFO   AES: found 33 departure filings
2026-04-01 06:03:07 [C-Suite Departure Tracker] INFO   AFL: found 15 departure filings
2026-04-01 06:03:07 [C-Suite Departure Tracker] INFO   AFRM: found 12 departure filings
2026-04-01 06:03:07 [C-Suite Departure Tracker] INFO   AIG: found 35 departure filings
2026-04-01 06:03:08 [C-Suite Departure Tracker] INFO   AIZ: found 38 departure filings
2026-04-01 06:03:08 [C-Suite Departure Tracker] INFO   AJG: found 6 departure filings
2026-04-01 06:03:08 [C-Suite Departure Tracker] INFO   AKAM: found 23 departure filings
2026-04-01 06:03:09 [C-Suite Departure Tracker] INFO   ALB: found 37 departure filings
2026-04-01 06:03:09 [C-Suite Departure Tracker] INFO   ALGN: found 30 departure filings
2026-04-01 06:03:09 [C-Suite Departure Tracker] INFO   ALK: found 23 departure filings
2026-04-01 06:03:10 [C-Suite Departure Tracker] INFO   ALL: found 20 departure filings
2026-04-01 06:03:10 [C-Suite Departure Tracker] INFO   ALLE: found 19 departure filings
2026-04-01 06:03:10 [C-Suite Departure Tracker] INFO   ALNY: found 33 departure filings
2026-04-01 06:03:11 [C-Suite Departure Tracker] INFO   AMAT: found 32 departure filings
2026-04-01 06:03:11 [C-Suite Departure Tracker] INFO   AMCR: found 12 departure filings
2026-04-01 06:03:11 [C-Suite Departure Tracker] INFO   AMD: found 36 departure filings
2026-04-01 06:03:11 [C-Suite Departure Tracker] INFO   AME: found 11 departure filings
2026-04-01 06:03:12 [C-Suite Departure Tracker] INFO   AMGN: found 9 departure filings
2026-04-01 06:03:12 [C-Suite Departure Tracker] INFO   AMP: found 8 departure filings
2026-04-01 06:03:12 [C-Suite Departure Tracker] INFO   AMT: found 39 departure filings
2026-04-01 06:03:13 [C-Suite Departure Tracker] INFO   AMZN: found 10 departure filings
2026-04-01 06:03:13 [C-Suite Departure Tracker] INFO   ANET: found 10 departure filings
2026-04-01 06:03:13 [C-Suite Departure Tracker] INFO   AON: found 46 departure filings
2026-04-01 06:03:14 [C-Suite Departure Tracker] INFO   AOS: found 17 departure filings
2026-04-01 06:03:14 [C-Suite Departure Tracker] INFO   APA: found 19 departure filings
2026-04-01 06:03:14 [C-Suite Departure Tracker] INFO   APD: found 24 departure filings
2026-04-01 06:03:15 [C-Suite Departure Tracker] INFO   APH: found 19 departure filings
2026-04-01 06:03:15 [C-Suite Departure Tracker] INFO   APO: found 14 departure filings
2026-04-01 06:03:15 [C-Suite Departure Tracker] INFO   APP: found 9 departure filings
2026-04-01 06:03:16 [C-Suite Departure Tracker] INFO   APTV: found 20 departure filings
2026-04-01 06:03:16 [C-Suite Departure Tracker] INFO   ARE: found 19 departure filings
2026-04-01 06:03:16 [C-Suite Departure Tracker] INFO   ARES: found 9 departure filings
2026-04-01 06:03:17 [C-Suite Departure Tracker] INFO   Progress: 50/686
2026-04-01 06:03:17 [C-Suite Departure Tracker] INFO   ATO: found 20 departure filings
2026-04-01 06:03:18 [C-Suite Departure Tracker] INFO   AVB: found 25 departure filings
2026-04-01 06:03:18 [C-Suite Departure Tracker] INFO   AVGO: found 17 departure filings
2026-04-01 06:03:18 [C-Suite Departure Tracker] INFO   AVY: found 36 departure filings
2026-04-01 06:03:19 [C-Suite Departure Tracker] INFO   AWK: found 32 departure filings
2026-04-01 06:03:19 [C-Suite Departure Tracker] INFO   AXON: found 29 departure filings
2026-04-01 06:03:19 [C-Suite Departure Tracker] INFO   AXP: found 18 departure filings
2026-04-01 06:03:20 [C-Suite Departure Tracker] INFO   AZO: found 26 departure filings
2026-04-01 06:03:20 [C-Suite Departure Tracker] INFO   BA: found 27 departure filings
2026-04-01 06:03:21 [C-Suite Departure Tracker] INFO   BAC: found 3 departure filings
2026-04-01 06:03:21 [C-Suite Departure Tracker] INFO   BALL: found 20 departure filings
2026-04-01 06:03:22 [C-Suite Departure Tracker] INFO   BAX: found 38 departure filings
2026-04-01 06:03:22 [C-Suite Departure Tracker] INFO   BBY: found 30 departure filings
2026-04-01 06:03:22 [C-Suite Departure Tracker] INFO   BDX: found 32 departure filings
2026-04-01 06:03:23 [C-Suite Departure Tracker] INFO   BE: found 18 departure filings
2026-04-01 06:03:23 [C-Suite Departure Tracker] INFO   BEN: found 10 departure filings
2026-04-01 06:03:23 [C-Suite Departure Tracker] INFO   BF-B: found 31 departure filings
2026-04-01 06:03:24 [C-Suite Departure Tracker] INFO   BG: found 3 departure filings
2026-04-01 06:03:24 [C-Suite Departure Tracker] INFO   BIIB: found 27 departure filings
2026-04-01 06:03:25 [C-Suite Departure Tracker] INFO   BK: found 13 departure filings
2026-04-01 06:03:25 [C-Suite Departure Tracker] INFO   BKNG: found 37 departure filings
2026-04-01 06:03:25 [C-Suite Departure Tracker] INFO   BKR: found 31 departure filings
2026-04-01 06:03:26 [C-Suite Departure Tracker] INFO   BLDR: found 24 departure filings
2026-04-01 06:03:26 [C-Suite Departure Tracker] INFO   BLK: found 2 departure filings
2026-04-01 06:03:26 [C-Suite Departure Tracker] INFO   BLNK: found 56 departure filings
2026-04-01 06:03:27 [C-Suite Departure Tracker] INFO   BMY: found 24 departure filings
2026-04-01 06:03:27 [C-Suite Departure Tracker] INFO   BNO: found 7 departure filings
2026-04-01 06:03:27 [C-Suite Departure Tracker] INFO   BR: found 12 departure filings
2026-04-01 06:03:28 [C-Suite Departure Tracker] INFO   BRK-A: found 8 departure filings
2026-04-01 06:03:28 [C-Suite Departure Tracker] INFO   BRK-B: found 8 departure filings
2026-04-01 06:03:28 [C-Suite Departure Tracker] INFO   BRO: found 48 departure filings
2026-04-01 06:03:29 [C-Suite Departure Tracker] INFO   BSX: found 26 departure filings
2026-04-01 06:03:29 [C-Suite Departure Tracker] INFO   BX: found 13 departure filings
2026-04-01 06:03:30 [C-Suite Departure Tracker] INFO   BXP: found 7 departure filings
2026-04-01 06:03:30 [C-Suite Departure Tracker] INFO   C: found 4 departure filings
2026-04-01 06:03:30 [C-Suite Departure Tracker] INFO   CAG: found 36 departure filings
2026-04-01 06:03:31 [C-Suite Departure Tracker] INFO   CAH: found 37 departure filings
2026-04-01 06:03:31 [C-Suite Departure Tracker] INFO   CANE: found 12 departure filings
2026-04-01 06:03:31 [C-Suite Departure Tracker] INFO   CARR: found 18 departure filings
2026-04-01 06:03:32 [C-Suite Departure Tracker] INFO   CAT: found 18 departure filings
2026-04-01 06:03:32 [C-Suite Departure Tracker] INFO   CB: found 12 departure filings
2026-04-01 06:03:32 [C-Suite Departure Tracker] INFO   CBOE: found 35 departure filings
2026-04-01 06:03:32 [C-Suite Departure Tracker] INFO   Progress: 100/686
2026-04-01 06:03:33 [C-Suite Departure Tracker] INFO   CBRE: found 37 departure filings
2026-04-01 06:03:33 [C-Suite Departure Tracker] INFO   CCI: found 54 departure filings
2026-04-01 06:03:34 [C-Suite Departure Tracker] INFO   CCL: found 28 departure filings
2026-04-01 06:03:34 [C-Suite Departure Tracker] INFO   CDNS: found 16 departure filings
2026-04-01 06:03:34 [C-Suite Departure Tracker] INFO   CDW: found 24 departure filings
2026-04-01 06:03:34 [C-Suite Departure Tracker] INFO   CEG: found 14 departure filings
2026-04-01 06:03:35 [C-Suite Departure Tracker] INFO   CF: found 22 departure filings
2026-04-01 06:03:35 [C-Suite Departure Tracker] INFO   CFG: found 15 departure filings
2026-04-01 06:03:35 [C-Suite Departure Tracker] INFO   CG: found 25 departure filings
2026-04-01 06:03:36 [C-Suite Departure Tracker] INFO   CHD: found 8 departure filings
2026-04-01 06:03:36 [C-Suite Departure Tracker] INFO   CHPT: found 20 departure filings
2026-04-01 06:03:36 [C-Suite Departure Tracker] INFO   CHRW: found 33 departure filings
2026-04-01 06:03:37 [C-Suite Departure Tracker] INFO   CHTR: found 19 departure filings
2026-04-01 06:03:37 [C-Suite Departure Tracker] INFO   CI: found 22 departure filings
2026-04-01 06:03:37 [C-Suite Departure Tracker] INFO   CIEN: found 11 departure filings
2026-04-01 06:03:38 [C-Suite Departure Tracker] INFO   CINF: found 12 departure filings
2026-04-01 06:03:38 [C-Suite Departure Tracker] INFO   CL: found 22 departure filings
2026-04-01 06:03:38 [C-Suite Departure Tracker] INFO   CLF: found 27 departure filings
2026-04-01 06:03:39 [C-Suite Departure Tracker] INFO   CLX: found 26 departure filings
2026-04-01 06:03:39 [C-Suite Departure Tracker] INFO   CMCSA: found 17 departure filings
2026-04-01 06:03:39 [C-Suite Departure Tracker] INFO   CME: found 18 departure filings
2026-04-01 06:03:39 [C-Suite Departure Tracker] INFO   CMG: found 35 departure filings
2026-04-01 06:03:40 [C-Suite Departure Tracker] INFO   CMI: found 23 departure filings
2026-04-01 06:03:40 [C-Suite Departure Tracker] INFO   CMS: found 25 departure filings
2026-04-01 06:03:40 [C-Suite Departure Tracker] INFO   CNC: found 34 departure filings
2026-04-01 06:03:41 [C-Suite Departure Tracker] INFO   CNP: found 46 departure filings
2026-04-01 06:03:41 [C-Suite Departure Tracker] INFO   COF: found 17 departure filings
2026-04-01 06:03:41 [C-Suite Departure Tracker] INFO   COHR: found 36 departure filings
2026-04-01 06:03:42 [C-Suite Departure Tracker] INFO   COIN: found 5 departure filings
2026-04-01 06:03:42 [C-Suite Departure Tracker] INFO   COO: found 30 departure filings
2026-04-01 06:03:42 [C-Suite Departure Tracker] INFO   COP: found 22 departure filings
2026-04-01 06:03:43 [C-Suite Departure Tracker] INFO   COR: found 24 departure filings
2026-04-01 06:03:43 [C-Suite Departure Tracker] INFO   COST: found 26 departure filings
2026-04-01 06:03:43 [C-Suite Departure Tracker] INFO   CPAY: found 30 departure filings
2026-04-01 06:03:44 [C-Suite Departure Tracker] INFO   CPB: found 30 departure filings
2026-04-01 06:03:44 [C-Suite Departure Tracker] INFO   CPER: found 7 departure filings
2026-04-01 06:03:44 [C-Suite Departure Tracker] INFO   CPRT: found 43 departure filings
2026-04-01 06:03:45 [C-Suite Departure Tracker] INFO   CPT: found 25 departure filings
2026-04-01 06:03:45 [C-Suite Departure Tracker] INFO   CRH: found 7 departure filings
2026-04-01 06:03:45 [C-Suite Departure Tracker] INFO   CRL: found 30 departure filings
2026-04-01 06:03:45 [C-Suite Departure Tracker] INFO   CRM: found 6 departure filings
2026-04-01 06:03:46 [C-Suite Departure Tracker] INFO   CRWD: found 17 departure filings
2026-04-01 06:03:46 [C-Suite Departure Tracker] INFO   CSCO: found 30 departure filings
2026-04-01 06:03:46 [C-Suite Departure Tracker] INFO   CSGP: found 22 departure filings
2026-04-01 06:03:47 [C-Suite Departure Tracker] INFO   CSX: found 52 departure filings
2026-04-01 06:03:47 [C-Suite Departure Tracker] INFO   CTAS: found 27 departure filings
2026-04-01 06:03:47 [C-Suite Departure Tracker] INFO   CTRA: found 17 departure filings
2026-04-01 06:03:47 [C-Suite Departure Tracker] INFO   Progress: 150/686
2026-04-01 06:03:48 [C-Suite Departure Tracker] INFO   CTSH: found 20 departure filings
2026-04-01 06:03:48 [C-Suite Departure Tracker] INFO   CTVA: found 15 departure filings
2026-04-01 06:03:48 [C-Suite Departure Tracker] INFO   CVNA: found 1 departure filings
2026-04-01 06:03:49 [C-Suite Departure Tracker] INFO   CVS: found 28 departure filings
2026-04-01 06:03:49 [C-Suite Departure Tracker] INFO   CVX: found 27 departure filings
2026-04-01 06:03:49 [C-Suite Departure Tracker] INFO   D: found 29 departure filings
2026-04-01 06:03:49 [C-Suite Departure Tracker] INFO   DAL: found 30 departure filings
2026-04-01 06:03:50 [C-Suite Departure Tracker] INFO   DASH: found 11 departure filings
2026-04-01 06:03:50 [C-Suite Departure Tracker] INFO   DBA: found 14 departure filings
2026-04-01 06:03:50 [C-Suite Departure Tracker] INFO   DBC: found 16 departure filings
2026-04-01 06:03:51 [C-Suite Departure Tracker] INFO   DD: found 21 departure filings
2026-04-01 06:03:51 [C-Suite Departure Tracker] INFO   DDOG: found 4 departure filings
2026-04-01 06:03:51 [C-Suite Departure Tracker] INFO   DE: found 26 departure filings
2026-04-01 06:03:52 [C-Suite Departure Tracker] INFO   DECK: found 22 departure filings
2026-04-01 06:03:52 [C-Suite Departure Tracker] INFO   DELL: found 14 departure filings
2026-04-01 06:03:52 [C-Suite Departure Tracker] INFO   DG: found 42 departure filings
2026-04-01 06:03:53 [C-Suite Departure Tracker] INFO   DGX: found 25 departure filings
2026-04-01 06:03:53 [C-Suite Departure Tracker] INFO   DHI: found 11 departure filings
2026-04-01 06:03:53 [C-Suite Departure Tracker] INFO   DHR: found 18 departure filings
2026-04-01 06:03:54 [C-Suite Departure Tracker] INFO   DIS: found 30 departure filings
2026-04-01 06:03:54 [C-Suite Departure Tracker] INFO   DLR: found 33 departure filings
2026-04-01 06:03:54 [C-Suite Departure Tracker] INFO   DLTR: found 46 departure filings
2026-04-01 06:03:54 [C-Suite Departure Tracker] INFO   DOC: found 30 departure filings
2026-04-01 06:03:55 [C-Suite Departure Tracker] INFO   DOCU: found 31 departure filings
2026-04-01 06:03:55 [C-Suite Departure Tracker] INFO   DOV: found 27 departure filings
2026-04-01 06:03:55 [C-Suite Departure Tracker] INFO   DOW: found 13 departure filings
2026-04-01 06:03:56 [C-Suite Departure Tracker] INFO   DPZ: found 21 departure filings
2026-04-01 06:03:56 [C-Suite Departure Tracker] INFO   DRI: found 19 departure filings
2026-04-01 06:03:56 [C-Suite Departure Tracker] INFO   DTE: found 37 departure filings
2026-04-01 06:03:57 [C-Suite Departure Tracker] INFO   DUK: found 19 departure filings
2026-04-01 06:03:57 [C-Suite Departure Tracker] INFO   DVA: found 26 departure filings
2026-04-01 06:03:57 [C-Suite Departure Tracker] INFO   DVN: found 28 departure filings
2026-04-01 06:03:58 [C-Suite Departure Tracker] INFO   DXCM: found 29 departure filings
2026-04-01 06:03:58 [C-Suite Departure Tracker] INFO   EA: found 14 departure filings
2026-04-01 06:03:58 [C-Suite Departure Tracker] INFO   EBAY: found 21 departure filings
2026-04-01 06:03:58 [C-Suite Departure Tracker] INFO   ECL: found 21 departure filings
2026-04-01 06:03:59 [C-Suite Departure Tracker] INFO   ED: found 10 departure filings
2026-04-01 06:03:59 [C-Suite Departure Tracker] INFO   EFX: found 24 departure filings
2026-04-01 06:03:59 [C-Suite Departure Tracker] INFO   EG: found 49 departure filings
2026-04-01 06:04:00 [C-Suite Departure Tracker] INFO   EIX: found 23 departure filings
2026-04-01 06:04:00 [C-Suite Departure Tracker] INFO   EL: found 20 departure filings
2026-04-01 06:04:00 [C-Suite Departure Tracker] INFO   ELV: found 21 departure filings
2026-04-01 06:04:01 [C-Suite Departure Tracker] INFO   EME: found 14 departure filings
2026-04-01 06:04:01 [C-Suite Departure Tracker] INFO   EMR: found 39 departure filings
2026-04-01 06:04:01 [C-Suite Departure Tracker] INFO   ENPH: found 42 departure filings
2026-04-01 06:04:01 [C-Suite Departure Tracker] INFO   Progress: 200/686
2026-04-01 06:04:02 [C-Suite Departure Tracker] INFO   EOG: found 12 departure filings
2026-04-01 06:04:02 [C-Suite Departure Tracker] INFO   EPAM: found 25 departure filings
2026-04-01 06:04:02 [C-Suite Departure Tracker] INFO   EQIX: found 28 departure filings
2026-04-01 06:04:02 [C-Suite Departure Tracker] INFO   EQR: found 14 departure filings
2026-04-01 06:04:03 [C-Suite Departure Tracker] INFO   EQT: found 35 departure filings
2026-04-01 06:04:03 [C-Suite Departure Tracker] INFO   ERIE: found 12 departure filings
2026-04-01 06:04:03 [C-Suite Departure Tracker] INFO   ES: found 24 departure filings
2026-04-01 06:04:04 [C-Suite Departure Tracker] INFO   ESS: found 21 departure filings
2026-04-01 06:04:04 [C-Suite Departure Tracker] INFO   ESTC: found 13 departure filings
2026-04-01 06:04:04 [C-Suite Departure Tracker] INFO   ETN: found 37 departure filings
2026-04-01 06:04:05 [C-Suite Departure Tracker] INFO   ETR: found 18 departure filings
2026-04-01 06:04:05 [C-Suite Departure Tracker] INFO   EVGO: found 16 departure filings
2026-04-01 06:04:05 [C-Suite Departure Tracker] INFO   EVRG: found 23 departure filings
2026-04-01 06:04:06 [C-Suite Departure Tracker] INFO   EW: found 10 departure filings
2026-04-01 06:04:06 [C-Suite Departure Tracker] INFO   EXC: found 40 departure filings
2026-04-01 06:04:06 [C-Suite Departure Tracker] INFO   EXE: found 27 departure filings
2026-04-01 06:04:07 [C-Suite Departure Tracker] INFO   EXPD: found 26 departure filings
2026-04-01 06:04:07 [C-Suite Departure Tracker] INFO   EXPE: found 34 departure filings
2026-04-01 06:04:07 [C-Suite Departure Tracker] INFO   EXR: found 14 departure filings
2026-04-01 06:04:07 [C-Suite Departure Tracker] INFO   F: found 23 departure filings
2026-04-01 06:04:08 [C-Suite Departure Tracker] INFO   FANG: found 13 departure filings
2026-04-01 06:04:08 [C-Suite Departure Tracker] INFO   FAST: found 36 departure filings
2026-04-01 06:04:08 [C-Suite Departure Tracker] INFO   FCX: found 28 departure filings
2026-04-01 06:04:09 [C-Suite Departure Tracker] INFO   FDS: found 34 departure filings
2026-04-01 06:04:09 [C-Suite Departure Tracker] INFO   FDX: found 45 departure filings
2026-04-01 06:04:09 [C-Suite Departure Tracker] INFO   FE: found 36 departure filings
2026-04-01 06:04:10 [C-Suite Departure Tracker] INFO   FFIV: found 29 departure filings
2026-04-01 06:04:10 [C-Suite Departure Tracker] INFO   FICO: found 17 departure filings
2026-04-01 06:04:11 [C-Suite Departure Tracker] INFO   FIS: found 43 departure filings
2026-04-01 06:04:11 [C-Suite Departure Tracker] INFO   FISV: found 25 departure filings
2026-04-01 06:04:11 [C-Suite Departure Tracker] INFO   FITB: found 27 departure filings
2026-04-01 06:04:12 [C-Suite Departure Tracker] INFO   FIX: found 19 departure filings
2026-04-01 06:04:12 [C-Suite Departure Tracker] INFO   FOX: found 10 departure filings
2026-04-01 06:04:12 [C-Suite Departure Tracker] INFO   FOXA: found 10 departure filings
2026-04-01 06:04:13 [C-Suite Departure Tracker] INFO   FRT: found 43 departure filings
2026-04-01 06:04:13 [C-Suite Departure Tracker] INFO   FSLR: found 12 departure filings
2026-04-01 06:04:13 [C-Suite Departure Tracker] INFO   FTNT: found 22 departure filings
2026-04-01 06:04:14 [C-Suite Departure Tracker] INFO   FTV: found 22 departure filings
2026-04-01 06:04:14 [C-Suite Departure Tracker] INFO   GD: found 14 departure filings
2026-04-01 06:04:14 [C-Suite Departure Tracker] INFO   GDDY: found 30 departure filings
2026-04-01 06:04:15 [C-Suite Departure Tracker] INFO   GE: found 27 departure filings
2026-04-01 06:04:15 [C-Suite Departure Tracker] INFO   GEHC: found 10 departure filings
2026-04-01 06:04:15 [C-Suite Departure Tracker] INFO   GEN: found 54 departure filings
2026-04-01 06:04:15 [C-Suite Departure Tracker] INFO   Progress: 250/686
2026-04-01 06:04:16 [C-Suite Departure Tracker] INFO   GEV: found 4 departure filings
2026-04-01 06:04:16 [C-Suite Departure Tracker] INFO   GILD: found 29 departure filings
2026-04-01 06:04:16 [C-Suite Departure Tracker] INFO   GIS: found 23 departure filings
2026-04-01 06:04:17 [C-Suite Departure Tracker] INFO   GL: found 20 departure filings
2026-04-01 06:04:17 [C-Suite Departure Tracker] INFO   GLW: found 10 departure filings
2026-04-01 06:04:17 [C-Suite Departure Tracker] INFO   GM: found 34 departure filings
2026-04-01 06:04:18 [C-Suite Departure Tracker] INFO   GNRC: found 20 departure filings
2026-04-01 06:04:18 [C-Suite Departure Tracker] INFO   GOLD: found 23 departure filings
2026-04-01 06:04:18 [C-Suite Departure Tracker] INFO   GOOG: found 8 departure filings
2026-04-01 06:04:19 [C-Suite Departure Tracker] INFO   GOOGL: found 8 departure filings
2026-04-01 06:04:19 [C-Suite Departure Tracker] INFO   GPC: found 21 departure filings
2026-04-01 06:04:19 [C-Suite Departure Tracker] INFO   GPN: found 17 departure filings
2026-04-01 06:04:20 [C-Suite Departure Tracker] INFO   GRMN: found 6 departure filings
2026-04-01 06:04:20 [C-Suite Departure Tracker] INFO   GS: found 3 departure filings
2026-04-01 06:04:20 [C-Suite Departure Tracker] INFO   GSG: found 10 departure filings
2026-04-01 06:04:21 [C-Suite Departure Tracker] INFO   GWW: found 19 departure filings
2026-04-01 06:04:21 [C-Suite Departure Tracker] INFO   H: found 18 departure filings
2026-04-01 06:04:21 [C-Suite Departure Tracker] INFO   HAL: found 24 departure filings
2026-04-01 06:04:22 [C-Suite Departure Tracker] INFO   HAS: found 21 departure filings
2026-04-01 06:04:22 [C-Suite Departure Tracker] INFO   HBAN: found 5 departure filings
2026-04-01 06:04:22 [C-Suite Departure Tracker] INFO   HCA: found 28 departure filings
2026-04-01 06:04:23 [C-Suite Departure Tracker] INFO   HD: found 23 departure filings
2026-04-01 06:04:23 [C-Suite Departure Tracker] INFO   HIG: found 24 departure filings
2026-04-01 06:04:23 [C-Suite Departure Tracker] INFO   HII: found 12 departure filings
2026-04-01 06:04:24 [C-Suite Departure Tracker] INFO   HLT: found 25 departure filings
2026-04-01 06:04:24 [C-Suite Departure Tracker] INFO   HOLX: found 48 departure filings
2026-04-01 06:04:24 [C-Suite Departure Tracker] INFO   HON: found 25 departure filings
2026-04-01 06:04:25 [C-Suite Departure Tracker] INFO   HOOD: found 13 departure filings
2026-04-01 06:04:25 [C-Suite Departure Tracker] INFO   HPE: found 30 departure filings
2026-04-01 06:04:25 [C-Suite Departure Tracker] INFO   HPQ: found 37 departure filings
2026-04-01 06:04:26 [C-Suite Departure Tracker] INFO   HRL: found 31 departure filings
2026-04-01 06:04:26 [C-Suite Departure Tracker] INFO   HSIC: found 28 departure filings
2026-04-01 06:04:26 [C-Suite Departure Tracker] INFO   HST: found 21 departure filings
2026-04-01 06:04:27 [C-Suite Departure Tracker] INFO   HSY: found 12 departure filings
2026-04-01 06:04:27 [C-Suite Departure Tracker] INFO   HUBB: found 22 departure filings
2026-04-01 06:04:27 [C-Suite Departure Tracker] INFO   HUBS: found 16 departure filings
2026-04-01 06:04:28 [C-Suite Departure Tracker] INFO   HUM: found 23 departure filings
2026-04-01 06:04:28 [C-Suite Departure Tracker] INFO   HWM: found 45 departure filings
2026-04-01 06:04:28 [C-Suite Departure Tracker] INFO   IAU: found 9 departure filings
2026-04-01 06:04:28 [C-Suite Departure Tracker] INFO   IBKR: found 6 departure filings
2026-04-01 06:04:29 [C-Suite Departure Tracker] INFO   IBM: found 18 departure filings
2026-04-01 06:04:29 [C-Suite Departure Tracker] INFO   ICE: found 11 departure filings
2026-04-01 06:04:29 [C-Suite Departure Tracker] INFO   IDXX: found 31 departure filings
2026-04-01 06:04:30 [C-Suite Departure Tracker] INFO   Progress: 300/686
2026-04-01 06:04:30 [C-Suite Departure Tracker] INFO   IEX: found 48 departure filings
2026-04-01 06:04:30 [C-Suite Departure Tracker] INFO   IFF: found 37 departure filings
2026-04-01 06:04:30 [C-Suite Departure Tracker] INFO   INCY: found 24 departure filings
2026-04-01 06:04:31 [C-Suite Departure Tracker] INFO   INTC: found 45 departure filings
2026-04-01 06:04:31 [C-Suite Departure Tracker] INFO   INTU: found 13 departure filings
2026-04-01 06:04:31 [C-Suite Departure Tracker] INFO   INVH: found 25 departure filings
2026-04-01 06:04:32 [C-Suite Departure Tracker] INFO   IONQ: found 21 departure filings
2026-04-01 06:04:32 [C-Suite Departure Tracker] INFO   IP: found 40 departure filings
2026-04-01 06:04:32 [C-Suite Departure Tracker] INFO   IQV: found 34 departure filings
2026-04-01 06:04:32 [C-Suite Departure Tracker] INFO   IR: found 27 departure filings
2026-04-01 06:04:33 [C-Suite Departure Tracker] INFO   IRM: found 16 departure filings
2026-04-01 06:04:33 [C-Suite Departure Tracker] INFO   ISRG: found 17 departure filings
2026-04-01 06:04:34 [C-Suite Departure Tracker] INFO   IT: found 9 departure filings
2026-04-01 06:04:34 [C-Suite Departure Tracker] INFO   ITW: found 17 departure filings
2026-04-01 06:04:34 [C-Suite Departure Tracker] INFO   IVZ: found 8 departure filings
2026-04-01 06:04:34 [C-Suite Departure Tracker] INFO   J: found 38 departure filings
2026-04-01 06:04:35 [C-Suite Departure Tracker] INFO   JBHT: found 17 departure filings
2026-04-01 06:04:35 [C-Suite Departure Tracker] INFO   JBL: found 22 departure filings
2026-04-01 06:04:35 [C-Suite Departure Tracker] INFO   JBLU: found 33 departure filings
2026-04-01 06:04:36 [C-Suite Departure Tracker] INFO   JCI: found 26 departure filings
2026-04-01 06:04:36 [C-Suite Departure Tracker] INFO   JKHY: found 45 departure filings
2026-04-01 06:04:37 [C-Suite Departure Tracker] INFO   JNJ: found 23 departure filings
2026-04-01 06:04:37 [C-Suite Departure Tracker] INFO   JPM: found 2 departure filings
2026-04-01 06:04:37 [C-Suite Departure Tracker] INFO   KDP: found 38 departure filings
2026-04-01 06:04:38 [C-Suite Departure Tracker] INFO   KEY: found 20 departure filings
2026-04-01 06:04:38 [C-Suite Departure Tracker] INFO   KEYS: found 23 departure filings
2026-04-01 06:04:39 [C-Suite Departure Tracker] INFO   KHC: found 46 departure filings
2026-04-01 06:04:39 [C-Suite Departure Tracker] INFO   KIM: found 18 departure filings
2026-04-01 06:04:39 [C-Suite Departure Tracker] INFO   KKR: found 30 departure filings
2026-04-01 06:04:39 [C-Suite Departure Tracker] INFO   KLAC: found 18 departure filings
2026-04-01 06:04:40 [C-Suite Departure Tracker] INFO   KMB: found 22 departure filings
2026-04-01 06:04:40 [C-Suite Departure Tracker] INFO   KMI: found 19 departure filings
2026-04-01 06:04:40 [C-Suite Departure Tracker] INFO   KO: found 28 departure filings
2026-04-01 06:04:41 [C-Suite Departure Tracker] INFO   KR: found 13 departure filings
2026-04-01 06:04:41 [C-Suite Departure Tracker] INFO   KVUE: found 9 departure filings
2026-04-01 06:04:41 [C-Suite Departure Tracker] INFO   L: found 17 departure filings
2026-04-01 06:04:42 [C-Suite Departure Tracker] INFO   LAC: found 3 departure filings
2026-04-01 06:04:42 [C-Suite Departure Tracker] INFO   LCID: found 19 departure filings
2026-04-01 06:04:42 [C-Suite Departure Tracker] INFO   LDOS: found 14 departure filings
2026-04-01 06:04:42 [C-Suite Departure Tracker] INFO   Progress: 350/686
2026-04-01 06:04:43 [C-Suite Departure Tracker] INFO   LEN: found 26 departure filings
2026-04-01 06:04:43 [C-Suite Departure Tracker] INFO   LH: found 24 departure filings
2026-04-01 06:04:43 [C-Suite Departure Tracker] INFO   LHX: found 33 departure filings
2026-04-01 06:04:44 [C-Suite Departure Tracker] INFO   LII: found 23 departure filings
2026-04-01 06:04:44 [C-Suite Departure Tracker] INFO   LIN: found 15 departure filings
2026-04-01 06:04:44 [C-Suite Departure Tracker] INFO   LITE: found 19 departure filings
2026-04-01 06:04:45 [C-Suite Departure Tracker] INFO   LLY: found 10 departure filings
2026-04-01 06:04:45 [C-Suite Departure Tracker] INFO   LMT: found 30 departure filings
2026-04-01 06:04:45 [C-Suite Departure Tracker] INFO   LNT: found 30 departure filings
2026-04-01 06:04:46 [C-Suite Departure Tracker] INFO   LOW: found 28 departure filings
2026-04-01 06:04:46 [C-Suite Departure Tracker] INFO   LRCX: found 30 departure filings
2026-04-01 06:04:46 [C-Suite Departure Tracker] INFO   LULU: found 43 departure filings
2026-04-01 06:04:47 [C-Suite Departure Tracker] INFO   LUV: found 27 departure filings
2026-04-01 06:04:47 [C-Suite Departure Tracker] INFO   LVS: found 63 departure filings
2026-04-01 06:04:47 [C-Suite Departure Tracker] INFO   LYB: found 22 departure filings
2026-04-01 06:04:47 [C-Suite Departure Tracker] INFO   LYFT: found 25 departure filings
2026-04-01 06:04:48 [C-Suite Departure Tracker] INFO   LYV: found 26 departure filings
2026-04-01 06:04:48 [C-Suite Departure Tracker] INFO   MA: found 20 departure filings
2026-04-01 06:04:48 [C-Suite Departure Tracker] INFO   MAA: found 12 departure filings
2026-04-01 06:04:49 [C-Suite Departure Tracker] INFO   MAR: found 21 departure filings
2026-04-01 06:04:49 [C-Suite Departure Tracker] INFO   MAS: found 37 departure filings
2026-04-01 06:04:49 [C-Suite Departure Tracker] INFO   MCD: found 37 departure filings
2026-04-01 06:04:50 [C-Suite Departure Tracker] INFO   MCHP: found 20 departure filings
2026-04-01 06:04:50 [C-Suite Departure Tracker] INFO   MCK: found 34 departure filings
2026-04-01 06:04:50 [C-Suite Departure Tracker] INFO   MCO: found 23 departure filings
2026-04-01 06:04:51 [C-Suite Departure Tracker] INFO   MDB: found 13 departure filings
2026-04-01 06:04:51 [C-Suite Departure Tracker] INFO   MDLZ: found 45 departure filings
2026-04-01 06:04:51 [C-Suite Departure Tracker] INFO   MDT: found 27 departure filings
2026-04-01 06:04:52 [C-Suite Departure Tracker] INFO   MELI: found 35 departure filings
2026-04-01 06:04:52 [C-Suite Departure Tracker] INFO   MET: found 11 departure filings
2026-04-01 06:04:52 [C-Suite Departure Tracker] INFO   META: found 5 departure filings
2026-04-01 06:04:52 [C-Suite Departure Tracker] INFO   MGM: found 21 departure filings
2026-04-01 06:04:53 [C-Suite Departure Tracker] INFO   MKC: found 15 departure filings
2026-04-01 06:04:53 [C-Suite Departure Tracker] INFO   MLM: found 18 departure filings
2026-04-01 06:04:53 [C-Suite Departure Tracker] INFO   MMM: found 29 departure filings
2026-04-01 06:04:54 [C-Suite Departure Tracker] INFO   MNST: found 17 departure filings
2026-04-01 06:04:54 [C-Suite Departure Tracker] INFO   MO: found 34 departure filings
2026-04-01 06:04:54 [C-Suite Departure Tracker] INFO   MOH: found 23 departure filings
2026-04-01 06:04:55 [C-Suite Departure Tracker] INFO   MOS: found 28 departure filings
2026-04-01 06:04:55 [C-Suite Departure Tracker] INFO   MP: found 7 departure filings
2026-04-01 06:04:55 [C-Suite Departure Tracker] INFO   MPC: found 31 departure filings
2026-04-01 06:04:56 [C-Suite Departure Tracker] INFO   MPWR: found 6 departure filings
2026-04-01 06:04:56 [C-Suite Departure Tracker] INFO   MRK: found 15 departure filings
2026-04-01 06:04:56 [C-Suite Departure Tracker] INFO   MRNA: found 10 departure filings
2026-04-01 06:04:56 [C-Suite Departure Tracker] INFO   MRSH: found 22 departure filings
2026-04-01 06:04:57 [C-Suite Departure Tracker] INFO   Progress: 400/686
2026-04-01 06:04:57 [C-Suite Departure Tracker] INFO   MRVL: found 9 departure filings
2026-04-01 06:04:57 [C-Suite Departure Tracker] INFO   MS: found 2 departure filings
2026-04-01 06:04:58 [C-Suite Departure Tracker] INFO   MSCI: found 44 departure filings
2026-04-01 06:04:58 [C-Suite Departure Tracker] INFO   MSFT: found 7 departure filings
2026-04-01 06:04:58 [C-Suite Departure Tracker] INFO   MSI: found 21 departure filings
2026-04-01 06:04:59 [C-Suite Departure Tracker] INFO   MSTR: found 20 departure filings
2026-04-01 06:04:59 [C-Suite Departure Tracker] INFO   MTB: found 13 departure filings
2026-04-01 06:04:59 [C-Suite Departure Tracker] INFO   MTCH: found 22 departure filings
2026-04-01 06:04:59 [C-Suite Departure Tracker] INFO   MTD: found 23 departure filings
2026-04-01 06:05:00 [C-Suite Departure Tracker] INFO   MTZ: found 19 departure filings
2026-04-01 06:05:00 [C-Suite Departure Tracker] INFO   MU: found 26 departure filings
2026-04-01 06:05:00 [C-Suite Departure Tracker] INFO   NCLH: found 56 departure filings
2026-04-01 06:05:01 [C-Suite Departure Tracker] INFO   NDAQ: found 28 departure filings
2026-04-01 06:05:01 [C-Suite Departure Tracker] INFO   NDSN: found 30 departure filings
2026-04-01 06:05:01 [C-Suite Departure Tracker] INFO   NEE: found 20 departure filings
2026-04-01 06:05:02 [C-Suite Departure Tracker] INFO   NEM: found 18 departure filings
2026-04-01 06:05:02 [C-Suite Departure Tracker] INFO   NET: found 7 departure filings
2026-04-01 06:05:02 [C-Suite Departure Tracker] INFO   NFLX: found 9 departure filings
2026-04-01 06:05:03 [C-Suite Departure Tracker] INFO   NI: found 38 departure filings
2026-04-01 06:05:03 [C-Suite Departure Tracker] INFO   NKE: found 34 departure filings
2026-04-01 06:05:04 [C-Suite Departure Tracker] INFO   NOC: found 27 departure filings
2026-04-01 06:05:04 [C-Suite Departure Tracker] INFO   NOW: found 12 departure filings
2026-04-01 06:05:04 [C-Suite Departure Tracker] INFO   NRG: found 18 departure filings
2026-04-01 06:05:05 [C-Suite Departure Tracker] INFO   NSC: found 18 departure filings
2026-04-01 06:05:05 [C-Suite Departure Tracker] INFO   NTAP: found 48 departure filings
2026-04-01 06:05:05 [C-Suite Departure Tracker] INFO   NTRS: found 8 departure filings
2026-04-01 06:05:05 [C-Suite Departure Tracker] INFO   NUE: found 39 departure filings
2026-04-01 06:05:06 [C-Suite Departure Tracker] INFO   NVDA: found 15 departure filings
2026-04-01 06:05:06 [C-Suite Departure Tracker] INFO   NVR: found 23 departure filings
2026-04-01 06:05:06 [C-Suite Departure Tracker] INFO   NWS: found 5 departure filings
2026-04-01 06:05:07 [C-Suite Departure Tracker] INFO   NWSA: found 5 departure filings
2026-04-01 06:05:07 [C-Suite Departure Tracker] INFO   NXPI: found 10 departure filings
2026-04-01 06:05:07 [C-Suite Departure Tracker] INFO   O: found 28 departure filings
2026-04-01 06:05:08 [C-Suite Departure Tracker] INFO   ODFL: found 34 departure filings
2026-04-01 06:05:08 [C-Suite Departure Tracker] INFO   OKE: found 19 departure filings
2026-04-01 06:05:08 [C-Suite Departure Tracker] INFO   OKTA: found 27 departure filings
2026-04-01 06:05:09 [C-Suite Departure Tracker] INFO   OMC: found 14 departure filings
2026-04-01 06:05:09 [C-Suite Departure Tracker] INFO   ON: found 40 departure filings
2026-04-01 06:05:09 [C-Suite Departure Tracker] INFO   ORCL: found 22 departure filings
2026-04-01 06:05:10 [C-Suite Departure Tracker] INFO   ORLY: found 21 departure filings
2026-04-01 06:05:10 [C-Suite Departure Tracker] INFO   OTIS: found 11 departure filings
2026-04-01 06:05:10 [C-Suite Departure Tracker] INFO   OXY: found 23 departure filings
2026-04-01 06:05:10 [C-Suite Departure Tracker] INFO   PALL: found 4 departure filings
2026-04-01 06:05:11 [C-Suite Departure Tracker] INFO   PANW: found 25 departure filings
2026-04-01 06:05:11 [C-Suite Departure Tracker] INFO   PATH: found 11 departure filings
2026-04-01 06:05:11 [C-Suite Departure Tracker] INFO   PAYC: found 39 departure filings
2026-04-01 06:05:12 [C-Suite Departure Tracker] INFO   Progress: 450/686
2026-04-01 06:05:12 [C-Suite Departure Tracker] INFO   PAYX: found 20 departure filings
2026-04-01 06:05:12 [C-Suite Departure Tracker] INFO   PCAR: found 12 departure filings
2026-04-01 06:05:12 [C-Suite Departure Tracker] INFO   PCG: found 66 departure filings
2026-04-01 06:05:13 [C-Suite Departure Tracker] INFO   PEG: found 27 departure filings
2026-04-01 06:05:13 [C-Suite Departure Tracker] INFO   PEP: found 34 departure filings
2026-04-01 06:05:13 [C-Suite Departure Tracker] INFO   PFE: found 11 departure filings
2026-04-01 06:05:14 [C-Suite Departure Tracker] INFO   PFG: found 13 departure filings
2026-04-01 06:05:14 [C-Suite Departure Tracker] INFO   PG: found 11 departure filings
2026-04-01 06:05:14 [C-Suite Departure Tracker] INFO   PGR: found 6 departure filings
2026-04-01 06:05:15 [C-Suite Departure Tracker] INFO   PH: found 20 departure filings
2026-04-01 06:05:15 [C-Suite Departure Tracker] INFO   PHM: found 36 departure filings
2026-04-01 06:05:15 [C-Suite Departure Tracker] INFO   PKG: found 18 departure filings
2026-04-01 06:05:15 [C-Suite Departure Tracker] INFO   PLD: found 25 departure filings
2026-04-01 06:05:16 [C-Suite Departure Tracker] INFO   PLTR: found 3 departure filings
2026-04-01 06:05:16 [C-Suite Departure Tracker] INFO   PLUG: found 24 departure filings
2026-04-01 06:05:16 [C-Suite Departure Tracker] INFO   PM: found 26 departure filings
2026-04-01 06:05:17 [C-Suite Departure Tracker] INFO   PNC: found 17 departure filings
2026-04-01 06:05:17 [C-Suite Departure Tracker] INFO   PNR: found 29 departure filings
2026-04-01 06:05:17 [C-Suite Departure Tracker] INFO   PNW: found 41 departure filings
2026-04-01 06:05:18 [C-Suite Departure Tracker] INFO   PODD: found 40 departure filings
2026-04-01 06:05:18 [C-Suite Departure Tracker] INFO   POOL: found 25 departure filings
2026-04-01 06:05:18 [C-Suite Departure Tracker] INFO   PPG: found 13 departure filings
2026-04-01 06:05:19 [C-Suite Departure Tracker] INFO   PPL: found 16 departure filings
2026-04-01 06:05:19 [C-Suite Departure Tracker] INFO   PPLT: found 4 departure filings
2026-04-01 06:05:19 [C-Suite Departure Tracker] INFO   PRIM: found 25 departure filings
2026-04-01 06:05:19 [C-Suite Departure Tracker] INFO   PRU: found 19 departure filings
2026-04-01 06:05:20 [C-Suite Departure Tracker] INFO   PSA: found 16 departure filings
2026-04-01 06:05:20 [C-Suite Departure Tracker] INFO   PSKY: found 2 departure filings
2026-04-01 06:05:20 [C-Suite Departure Tracker] INFO   PSX: found 24 departure filings
2026-04-01 06:05:21 [C-Suite Departure Tracker] INFO   PTC: found 36 departure filings
2026-04-01 06:05:21 [C-Suite Departure Tracker] INFO   PWR: found 42 departure filings
2026-04-01 06:05:21 [C-Suite Departure Tracker] INFO   PYPL: found 50 departure filings
2026-04-01 06:05:22 [C-Suite Departure Tracker] INFO   Q: found 3 departure filings
2026-04-01 06:05:22 [C-Suite Departure Tracker] INFO   QCOM: found 25 departure filings
2026-04-01 06:05:23 [C-Suite Departure Tracker] INFO   QRVO: found 28 departure filings
2026-04-01 06:05:23 [C-Suite Departure Tracker] INFO   RBLX: found 16 departure filings
2026-04-01 06:05:23 [C-Suite Departure Tracker] INFO   RCL: found 12 departure filings
2026-04-01 06:05:24 [C-Suite Departure Tracker] INFO   REG: found 19 departure filings
2026-04-01 06:05:24 [C-Suite Departure Tracker] INFO   REGN: found 10 departure filings
2026-04-01 06:05:24 [C-Suite Departure Tracker] INFO   RF: found 22 departure filings
2026-04-01 06:05:25 [C-Suite Departure Tracker] INFO   RIVN: found 11 departure filings
2026-04-01 06:05:25 [C-Suite Departure Tracker] INFO   RJF: found 21 departure filings
2026-04-01 06:05:25 [C-Suite Departure Tracker] INFO   Progress: 500/686
2026-04-01 06:05:25 [C-Suite Departure Tracker] INFO   RL: found 25 departure filings
2026-04-01 06:05:26 [C-Suite Departure Tracker] INFO   RMD: found 13 departure filings
2026-04-01 06:05:26 [C-Suite Departure Tracker] INFO   ROK: found 14 departure filings
2026-04-01 06:05:26 [C-Suite Departure Tracker] INFO   ROKU: found 20 departure filings
2026-04-01 06:05:26 [C-Suite Departure Tracker] INFO   ROL: found 33 departure filings
2026-04-01 06:05:27 [C-Suite Departure Tracker] INFO   ROP: found 20 departure filings
2026-04-01 06:05:27 [C-Suite Departure Tracker] INFO   ROST: found 38 departure filings
2026-04-01 06:05:27 [C-Suite Departure Tracker] INFO   RSG: found 10 departure filings
2026-04-01 06:05:28 [C-Suite Departure Tracker] INFO   RTX: found 29 departure filings
2026-04-01 06:05:28 [C-Suite Departure Tracker] INFO   RUN: found 20 departure filings
2026-04-01 06:05:28 [C-Suite Departure Tracker] INFO   RVTY: found 20 departure filings
2026-04-01 06:05:29 [C-Suite Departure Tracker] INFO   SATS: found 26 departure filings
2026-04-01 06:05:29 [C-Suite Departure Tracker] INFO   SBAC: found 12 departure filings
2026-04-01 06:05:29 [C-Suite Departure Tracker] INFO   SBUX: found 45 departure filings
2026-04-01 06:05:30 [C-Suite Departure Tracker] INFO   SCHW: found 10 departure filings
2026-04-01 06:05:30 [C-Suite Departure Tracker] INFO   SEDG: found 19 departure filings
2026-04-01 06:05:31 [C-Suite Departure Tracker] INFO   SHOP: found 2 departure filings
2026-04-01 06:05:31 [C-Suite Departure Tracker] INFO   SHW: found 19 departure filings
2026-04-01 06:05:31 [C-Suite Departure Tracker] INFO   SJM: found 22 departure filings
2026-04-01 06:05:32 [C-Suite Departure Tracker] INFO   SLB: found 20 departure filings
2026-04-01 06:05:32 [C-Suite Departure Tracker] INFO   SLV: found 9 departure filings
2026-04-01 06:05:32 [C-Suite Departure Tracker] INFO   SMCI: found 28 departure filings
2026-04-01 06:05:33 [C-Suite Departure Tracker] INFO   SNA: found 11 departure filings
2026-04-01 06:05:33 [C-Suite Departure Tracker] INFO   SNDK: found 3 departure filings
2026-04-01 06:05:33 [C-Suite Departure Tracker] INFO   SNOW: found 11 departure filings
2026-04-01 06:05:34 [C-Suite Departure Tracker] INFO   SNPS: found 36 departure filings
2026-04-01 06:05:34 [C-Suite Departure Tracker] INFO   SO: found 24 departure filings
2026-04-01 06:05:34 [C-Suite Departure Tracker] INFO   SOFI: found 16 departure filings
2026-04-01 06:05:35 [C-Suite Departure Tracker] INFO   SOLV: found 6 departure filings
2026-04-01 06:05:35 [C-Suite Departure Tracker] INFO   SOUN: found 3 departure filings
2026-04-01 06:05:35 [C-Suite Departure Tracker] INFO   SOYB: found 12 departure filings
2026-04-01 06:05:36 [C-Suite Departure Tracker] INFO   SPG: found 35 departure filings
2026-04-01 06:05:36 [C-Suite Departure Tracker] INFO   SPGI: found 22 departure filings
2026-04-01 06:05:37 [C-Suite Departure Tracker] INFO   SRE: found 14 departure filings
2026-04-01 06:05:37 [C-Suite Departure Tracker] INFO   STE: found 9 departure filings
2026-04-01 06:05:38 [C-Suite Departure Tracker] INFO   STLD: found 10 departure filings
2026-04-01 06:05:38 [C-Suite Departure Tracker] INFO   STT: found 8 departure filings
2026-04-01 06:05:39 [C-Suite Departure Tracker] INFO   STX: found 25 departure filings
2026-04-01 06:05:39 [C-Suite Departure Tracker] INFO   STZ: found 31 departure filings
2026-04-01 06:05:40 [C-Suite Departure Tracker] INFO   SW: found 4 departure filings
2026-04-01 06:05:40 [C-Suite Departure Tracker] INFO   SWK: found 29 departure filings
2026-04-01 06:05:40 [C-Suite Departure Tracker] INFO   SWKS: found 39 departure filings
2026-04-01 06:05:41 [C-Suite Departure Tracker] INFO   SYF: found 9 departure filings
2026-04-01 06:05:41 [C-Suite Departure Tracker] INFO   SYK: found 15 departure filings
2026-04-01 06:05:41 [C-Suite Departure Tracker] INFO   SYY: found 36 departure filings
2026-04-01 06:05:42 [C-Suite Departure Tracker] INFO   T: found 7 departure filings
2026-04-01 06:05:42 [C-Suite Departure Tracker] INFO   TAP: found 27 departure filings
2026-04-01 06:05:42 [C-Suite Departure Tracker] INFO   TDG: found 19 departure filings
2026-04-01 06:05:43 [C-Suite Departure Tracker] INFO   TDY: found 52 departure filings
2026-04-01 06:05:43 [C-Suite Departure Tracker] INFO   TEAM: found 9 departure filings
2026-04-01 06:05:43 [C-Suite Departure Tracker] INFO   TECH: found 31 departure filings
2026-04-01 06:05:44 [C-Suite Departure Tracker] INFO   TEL: found 21 departure filings
2026-04-01 06:05:44 [C-Suite Departure Tracker] INFO   TER: found 26 departure filings
2026-04-01 06:05:44 [C-Suite Departure Tracker] INFO   TFC: found 21 departure filings
2026-04-01 06:05:45 [C-Suite Departure Tracker] INFO   TGT: found 36 departure filings
2026-04-01 06:05:45 [C-Suite Departure Tracker] INFO   TJX: found 27 departure filings
2026-04-01 06:05:45 [C-Suite Departure Tracker] INFO   TKO: found 5 departure filings
2026-04-01 06:05:46 [C-Suite Departure Tracker] INFO   TMO: found 14 departure filings
2026-04-01 06:05:47 [C-Suite Departure Tracker] INFO   TMUS: found 35 departure filings
2026-04-01 06:05:47 [C-Suite Departure Tracker] INFO   TPL: found 4 departure filings
2026-04-01 06:05:47 [C-Suite Departure Tracker] INFO   TPR: found 65 departure filings
2026-04-01 06:05:48 [C-Suite Departure Tracker] INFO   TRGP: found 21 departure filings
2026-04-01 06:05:48 [C-Suite Departure Tracker] INFO   TRMB: found 24 departure filings
2026-04-01 06:05:49 [C-Suite Departure Tracker] INFO   TROW: found 19 departure filings
2026-04-01 06:05:49 [C-Suite Departure Tracker] INFO   TRV: found 9 departure filings
2026-04-01 06:05:49 [C-Suite Departure Tracker] INFO   TSCO: found 33 departure filings
2026-04-01 06:05:50 [C-Suite Departure Tracker] INFO   TSLA: found 19 departure filings
2026-04-01 06:05:50 [C-Suite Departure Tracker] INFO   TSN: found 43 departure filings
2026-04-01 06:05:50 [C-Suite Departure Tracker] INFO   TT: found 20 departure filings
2026-04-01 06:05:51 [C-Suite Departure Tracker] INFO   TTD: found 26 departure filings
2026-04-01 06:05:51 [C-Suite Departure Tracker] INFO   TTWO: found 14 departure filings
2026-04-01 06:05:51 [C-Suite Departure Tracker] INFO   TWLO: found 23 departure filings
2026-04-01 06:05:52 [C-Suite Departure Tracker] INFO   TXN: found 23 departure filings
2026-04-01 06:05:52 [C-Suite Departure Tracker] INFO   Progress: 600/686
2026-04-01 06:05:52 [C-Suite Departure Tracker] INFO   TXT: found 13 departure filings
2026-04-01 06:05:52 [C-Suite Departure Tracker] INFO   TYL: found 6 departure filings
2026-04-01 06:05:53 [C-Suite Departure Tracker] INFO   U: found 21 departure filings
2026-04-01 06:05:53 [C-Suite Departure Tracker] INFO   UAL: found 40 departure filings
2026-04-01 06:05:53 [C-Suite Departure Tracker] INFO   UBER: found 14 departure filings
2026-04-01 06:05:53 [C-Suite Departure Tracker] INFO   UDR: found 29 departure filings
2026-04-01 06:05:54 [C-Suite Departure Tracker] INFO   UHS: found 37 departure filings
2026-04-01 06:05:54 [C-Suite Departure Tracker] INFO   ULTA: found 50 departure filings
2026-04-01 06:05:54 [C-Suite Departure Tracker] INFO   UNG: found 7 departure filings
2026-04-01 06:05:55 [C-Suite Departure Tracker] INFO   UNH: found 20 departure filings
2026-04-01 06:05:55 [C-Suite Departure Tracker] INFO   UNP: found 11 departure filings
2026-04-01 06:05:55 [C-Suite Departure Tracker] INFO   UPS: found 24 departure filings
2026-04-01 06:05:56 [C-Suite Departure Tracker] INFO   URI: found 24 departure filings
2026-04-01 06:05:56 [C-Suite Departure Tracker] INFO   USB: found 18 departure filings
2026-04-01 06:05:56 [C-Suite Departure Tracker] INFO   USO: found 7 departure filings
2026-04-01 06:05:57 [C-Suite Departure Tracker] INFO   V: found 23 departure filings
2026-04-01 06:05:57 [C-Suite Departure Tracker] INFO   VICI: found 16 departure filings
2026-04-01 06:05:57 [C-Suite Departure Tracker] INFO   VLO: found 37 departure filings
2026-04-01 06:05:58 [C-Suite Departure Tracker] INFO   VLTO: found 5 departure filings
2026-04-01 06:05:58 [C-Suite Departure Tracker] INFO   VMC: found 26 departure filings
2026-04-01 06:05:58 [C-Suite Departure Tracker] INFO   VRSK: found 20 departure filings
2026-04-01 06:05:59 [C-Suite Departure Tracker] INFO   VRSN: found 12 departure filings
2026-04-01 06:05:59 [C-Suite Departure Tracker] INFO   VRT: found 14 departure filings
2026-04-01 06:05:59 [C-Suite Departure Tracker] INFO   VRTX: found 5 departure filings
2026-04-01 06:06:00 [C-Suite Departure Tracker] INFO   VST: found 23 departure filings
2026-04-01 06:06:00 [C-Suite Departure Tracker] INFO   VTR: found 12 departure filings
2026-04-01 06:06:00 [C-Suite Departure Tracker] INFO   VTRS: found 15 departure filings
2026-04-01 06:06:01 [C-Suite Departure Tracker] INFO   VZ: found 14 departure filings
2026-04-01 06:06:01 [C-Suite Departure Tracker] INFO   WAB: found 20 departure filings
2026-04-01 06:06:02 [C-Suite Departure Tracker] INFO   WAT: found 31 departure filings
2026-04-01 06:06:02 [C-Suite Departure Tracker] INFO   Progress: 650/686
2026-04-01 06:06:02 [C-Suite Departure Tracker] INFO   WBD: found 29 departure filings
2026-04-01 06:06:02 [C-Suite Departure Tracker] INFO   WDAY: found 28 departure filings
2026-04-01 06:06:03 [C-Suite Departure Tracker] INFO   WDC: found 37 departure filings
2026-04-01 06:06:03 [C-Suite Departure Tracker] INFO   WEAT: found 12 departure filings
2026-04-01 06:06:03 [C-Suite Departure Tracker] INFO   WEC: found 41 departure filings
2026-04-01 06:06:04 [C-Suite Departure Tracker] INFO   WELL: found 33 departure filings
2026-04-01 06:06:04 [C-Suite Departure Tracker] INFO   WFC: found 2 departure filings
2026-04-01 06:06:04 [C-Suite Departure Tracker] INFO   WM: found 28 departure filings
2026-04-01 06:06:04 [C-Suite Departure Tracker] INFO   WMB: found 32 departure filings
2026-04-01 06:06:05 [C-Suite Departure Tracker] INFO   WMT: found 8 departure filings
2026-04-01 06:06:05 [C-Suite Departure Tracker] INFO   WOLF: found 57 departure filings
2026-04-01 06:06:05 [C-Suite Departure Tracker] INFO   WRB: found 12 departure filings
2026-04-01 06:06:06 [C-Suite Departure Tracker] INFO   WSM: found 26 departure filings
2026-04-01 06:06:06 [C-Suite Departure Tracker] INFO   WST: found 38 departure filings
2026-04-01 06:06:06 [C-Suite Departure Tracker] INFO   WTW: found 12 departure filings
2026-04-01 06:06:07 [C-Suite Departure Tracker] INFO   WY: found 37 departure filings
2026-04-01 06:06:07 [C-Suite Departure Tracker] INFO   WYNN: found 40 departure filings
2026-04-01 06:06:07 [C-Suite Departure Tracker] INFO   XEL: found 22 departure filings
2026-04-01 06:06:08 [C-Suite Departure Tracker] INFO   XOM: found 22 departure filings
2026-04-01 06:06:08 [C-Suite Departure Tracker] INFO   XYL: found 25 departure filings
2026-04-01 06:06:09 [C-Suite Departure Tracker] INFO   XYZ: found 17 departure filings
2026-04-01 06:06:09 [C-Suite Departure Tracker] INFO   YUM: found 30 departure filings
2026-04-01 06:06:09 [C-Suite Departure Tracker] INFO   ZBH: found 23 departure filings
2026-04-01 06:06:10 [C-Suite Departure Tracker] INFO   ZBRA: found 21 departure filings
2026-04-01 06:06:10 [C-Suite Departure Tracker] INFO   ZM: found 18 departure filings
2026-04-01 06:06:10 [C-Suite Departure Tracker] INFO   ZS: found 18 departure filings
2026-04-01 06:06:11 [C-Suite Departure Tracker] INFO   ZTS: found 15 departure filings
2026-04-01 06:06:11 [C-Suite Departure Tracker] INFO Fetch complete — stats so far: {'fetched': 571, 'transformed': 0, 'stored': 0, 'errors': 0, 'skipped': 115, 'elapsed': 0.0}
2026-04-01 06:06:11 [C-Suite Departure Tracker] INFO Transforming...
2026-04-01 06:06:11 [C-Suite Departure Tracker] INFO Transformed 12859 rows
2026-04-01 06:06:11 [C-Suite Departure Tracker] INFO Storing...
2026-04-01 06:06:11 [C-Suite Departure Tracker] INFO Writing 12859 C-suite departure records...
2026-04-01 06:06:11 [C-Suite Departure Tracker] INFO Stored 12859 rows
2026-04-01 06:06:11 [C-Suite Departure Tracker] INFO C-Suite departures: 571 fetched, 12859 stored, 115 skipped, 0 errors
2026-04-01 06:06:11 [C-Suite Departure Tracker] INFO === Done in 190.67s | {'fetched': 571, 'transformed': 12859, 'stored': 12859, 'errors': 0, 'skipped': 115, 'elapsed': 190.67} ===
