2026-04-01 06:24:02 [SEC Form 4 Parser] INFO === SEC Form 4 Parser (ID 1) starting ===
2026-04-01 06:24:02 [SEC Form 4 Parser] INFO Loaded 731 securities
2026-04-01 06:24:02 [SEC Form 4 Parser] INFO Fetching...
2026-04-01 06:24:02 [SEC Form 4 Parser] INFO Fetching insider trades for 686 equities...
2026-04-01 06:24:10 [SEC Form 4 Parser] INFO   Progress: 55/686, pausing for rate limit...
2026-04-01 06:25:19 [SEC Form 4 Parser] INFO   Progress: 110/686, pausing for rate limit...
2026-04-01 06:26:27 [SEC Form 4 Parser] INFO   Progress: 165/686, pausing for rate limit...
2026-04-01 06:27:36 [SEC Form 4 Parser] INFO   Progress: 220/686, pausing for rate limit...
2026-04-01 06:28:44 [SEC Form 4 Parser] INFO   Progress: 275/686, pausing for rate limit...
2026-04-01 06:29:53 [SEC Form 4 Parser] INFO   Progress: 330/686, pausing for rate limit...
2026-04-01 06:31:04 [SEC Form 4 Parser] INFO   Progress: 385/686, pausing for rate limit...
2026-04-01 06:32:15 [SEC Form 4 Parser] INFO   Progress: 440/686, pausing for rate limit...
2026-04-01 06:33:24 [SEC Form 4 Parser] INFO   Progress: 495/686, pausing for rate limit...
2026-04-01 06:34:35 [SEC Form 4 Parser] INFO   Progress: 550/686, pausing for rate limit...
2026-04-01 06:35:45 [SEC Form 4 Parser] INFO   Progress: 605/686, pausing for rate limit...
2026-04-01 06:36:54 [SEC Form 4 Parser] INFO   Progress: 660/686, pausing for rate limit...
2026-04-01 06:37:59 [SEC Form 4 Parser] INFO Fetch complete — stats so far: {'fetched': 570, 'transformed': 0, 'stored': 0, 'errors': 0, 'skipped': 116, 'elapsed': 0.0}
2026-04-01 06:37:59 [SEC Form 4 Parser] INFO Transforming...
2026-04-01 06:37:59 [SEC Form 4 Parser] INFO Transformed 11305 rows
2026-04-01 06:37:59 [SEC Form 4 Parser] INFO Storing...
2026-04-01 06:37:59 [SEC Form 4 Parser] INFO Writing 11305 insider trades...
2026-04-01 06:37:59 [SEC Form 4 Parser] ERROR Collector failed: column "insider_title" of relation "raw_insider_trades" does not exist
LINE 4:                             insider_title, price_per_share, ...
                                    ^
Traceback (most recent call last):
  File "/home/ubuntu/granite/collectors/base.py", line 140, in run
    self.store(rows)
  File "/home/ubuntu/granite/collectors/insider_trades.py", line 148, in store
    execute_values(
  File "/home/ubuntu/.local/lib/python3.12/site-packages/psycopg2/extras.py", line 1299, in execute_values
    cur.execute(b''.join(parts))
psycopg2.errors.UndefinedColumn: column "insider_title" of relation "raw_insider_trades" does not exist
LINE 4:                             insider_title, price_per_share, ...
                                    ^

2026-04-01 06:37:59 [SEC Form 4 Parser] INFO Insider trades: 570 fetched, 0 stored, 116 skipped, 1 errors
2026-04-01 06:37:59 [SEC Form 4 Parser] INFO === Done in 837.76s | {'fetched': 570, 'transformed': 11305, 'stored': 0, 'errors': 1, 'skipped': 116, 'elapsed': 837.76} ===
