2026-04-01 07:00:04 [Market Data (Daily)] INFO === Market Data (Daily) (ID 3) starting ===
2026-04-01 07:00:04 [Market Data (Daily)] INFO Loaded 731 securities
2026-04-01 07:00:04 [Market Data (Daily)] INFO Fetching...
2026-04-01 07:00:04 [Market Data (Daily)] INFO Downloading 730 tickers from Yahoo Finance...
2026-04-01 07:00:04 [Market Data (Daily)] INFO   Batch 1/15 (50 tickers)...
2026-04-01 07:00:09 [Market Data (Daily)] INFO   Batch 2/15 (50 tickers)...
2026-04-01 07:00:13 [Market Data (Daily)] INFO   Batch 3/15 (50 tickers)...
2026-04-01 07:00:14 [yfinance] ERROR $COW: possibly delisted; no price data found  (period=5d)
2026-04-01 07:00:18 [yfinance] ERROR 
1 Failed download:
2026-04-01 07:00:18 [yfinance] ERROR ['COW']: possibly delisted; no price data found  (period=5d)
2026-04-01 07:00:18 [Market Data (Daily)] INFO   Batch 4/15 (50 tickers)...
2026-04-01 07:00:21 [yfinance] ERROR $DAY: possibly delisted; no price data found  (period=5d)
2026-04-01 07:00:22 [yfinance] ERROR 
1 Failed download:
2026-04-01 07:00:22 [yfinance] ERROR ['DAY']: possibly delisted; no price data found  (period=5d)
2026-04-01 07:00:22 [Market Data (Daily)] INFO   Batch 5/15 (50 tickers)...
2026-04-01 07:00:27 [Market Data (Daily)] INFO   Batch 6/15 (50 tickers)...
2026-04-01 07:00:30 [Market Data (Daily)] INFO   Batch 7/15 (50 tickers)...
2026-04-01 07:00:35 [Market Data (Daily)] INFO   Batch 8/15 (50 tickers)...
2026-04-01 07:00:38 [yfinance] ERROR $JO: possibly delisted; no price data found  (period=5d)
2026-04-01 07:00:38 [yfinance] ERROR $JJC: possibly delisted; no price data found  (period=5d)
2026-04-01 07:00:39 [yfinance] ERROR 
2 Failed downloads:
2026-04-01 07:00:39 [yfinance] ERROR ['JO', 'JJC']: possibly delisted; no price data found  (period=5d)
2026-04-01 07:00:39 [Market Data (Daily)] INFO   Batch 9/15 (50 tickers)...
2026-04-01 07:00:41 [yfinance] ERROR $MMC: possibly delisted; no price data found  (period=5d) (Yahoo error = "No data found, symbol may be delisted")
2026-04-01 07:00:43 [yfinance] ERROR 
1 Failed download:
2026-04-01 07:00:43 [yfinance] ERROR ['MMC']: possibly delisted; no price data found  (period=5d) (Yahoo error = "No data found, symbol may be delisted")
2026-04-01 07:00:43 [Market Data (Daily)] INFO   Batch 10/15 (50 tickers)...
2026-04-01 07:00:45 [yfinance] ERROR $NIB: possibly delisted; no price data found  (period=5d)
2026-04-01 07:00:48 [yfinance] ERROR 
1 Failed download:
2026-04-01 07:00:48 [yfinance] ERROR ['NIB']: possibly delisted; no price data found  (period=5d)
2026-04-01 07:00:48 [Market Data (Daily)] INFO   Batch 11/15 (50 tickers)...
2026-04-01 07:00:52 [Market Data (Daily)] INFO   Batch 12/15 (50 tickers)...
2026-04-01 07:00:56 [Market Data (Daily)] INFO   Batch 13/15 (50 tickers)...
2026-04-01 07:01:01 [Market Data (Daily)] INFO   Batch 14/15 (50 tickers)...
2026-04-01 07:01:05 [Market Data (Daily)] INFO   Batch 15/15 (30 tickers)...
2026-04-01 07:01:06 [yfinance] ERROR $X: possibly delisted; no price data found  (period=5d) (Yahoo error = "No data found, symbol may be delisted")
2026-04-01 07:01:08 [yfinance] ERROR 
1 Failed download:
2026-04-01 07:01:08 [yfinance] ERROR ['X']: possibly delisted; no price data found  (period=5d) (Yahoo error = "No data found, symbol may be delisted")
2026-04-01 07:01:08 [Market Data (Daily)] INFO Fetch complete — stats so far: {'fetched': 730, 'transformed': 0, 'stored': 0, 'errors': 0, 'skipped': 0, 'elapsed': 0.0}
2026-04-01 07:01:08 [Market Data (Daily)] INFO Transforming...
2026-04-01 07:01:10 [Market Data (Daily)] INFO Transformed 3615 rows
2026-04-01 07:01:10 [Market Data (Daily)] INFO Storing...
2026-04-01 07:01:10 [Market Data (Daily)] INFO Writing 3615 rows to raw_market_data...
2026-04-01 07:01:10 [Market Data (Daily)] INFO Stored 3615 rows
2026-04-01 07:01:10 [Market Data (Daily)] INFO Market data: 730 fetched, 3615 stored, 0 skipped, 0 errors
2026-04-01 07:01:10 [Market Data (Daily)] INFO === Done in 66.45s | {'fetched': 730, 'transformed': 3615, 'stored': 3615, 'errors': 0, 'skipped': 0, 'elapsed': 66.45} ===
