2026-04-01 08:00:01 [News Sentiment Scanner] INFO === News Sentiment Scanner (ID 19) starting ===
2026-04-01 08:00:01 [News Sentiment Scanner] INFO Loaded 731 securities
2026-04-01 08:00:01 [News Sentiment Scanner] INFO Fetching...
2026-04-01 08:00:22 [News Sentiment Scanner] INFO   Progress: 55/731 tickers, sleeping for rate limit...
2026-04-01 08:01:32 [News Sentiment Scanner] INFO   Progress: 110/731 tickers, sleeping for rate limit...
2026-04-01 08:02:42 [News Sentiment Scanner] INFO   Progress: 165/731 tickers, sleeping for rate limit...
2026-04-01 08:03:51 [News Sentiment Scanner] INFO   Progress: 220/731 tickers, sleeping for rate limit...
2026-04-01 08:05:01 [News Sentiment Scanner] INFO   Progress: 275/731 tickers, sleeping for rate limit...
2026-04-01 08:06:11 [News Sentiment Scanner] INFO   Progress: 330/731 tickers, sleeping for rate limit...
2026-04-01 08:07:19 [News Sentiment Scanner] INFO   Progress: 385/731 tickers, sleeping for rate limit...
2026-04-01 08:08:30 [News Sentiment Scanner] INFO   Progress: 440/731 tickers, sleeping for rate limit...
2026-04-01 08:09:40 [News Sentiment Scanner] INFO   Progress: 495/731 tickers, sleeping for rate limit...
2026-04-01 08:10:50 [News Sentiment Scanner] INFO   Progress: 550/731 tickers, sleeping for rate limit...
2026-04-01 08:12:00 [News Sentiment Scanner] INFO   Progress: 605/731 tickers, sleeping for rate limit...
2026-04-01 08:13:10 [News Sentiment Scanner] INFO   Progress: 660/731 tickers, sleeping for rate limit...
2026-04-01 08:14:23 [News Sentiment Scanner] WARNING Rate limited at 725/731, sleeping...
2026-04-01 08:14:28 [News Sentiment Scanner] WARNING Rate limited at 726/731, sleeping...
2026-04-01 08:14:33 [News Sentiment Scanner] WARNING Rate limited at 727/731, sleeping...
2026-04-01 08:14:38 [News Sentiment Scanner] WARNING Rate limited at 728/731, sleeping...
2026-04-01 08:14:43 [News Sentiment Scanner] WARNING Rate limited at 729/731, sleeping...
2026-04-01 08:14:48 [News Sentiment Scanner] WARNING Rate limited at 730/731, sleeping...
2026-04-01 08:14:53 [News Sentiment Scanner] INFO Fetch complete — stats so far: {'fetched': 596, 'transformed': 0, 'stored': 0, 'errors': 6, 'skipped': 129, 'elapsed': 0.0}
2026-04-01 08:14:53 [News Sentiment Scanner] INFO Transforming...
2026-04-01 08:14:54 [News Sentiment Scanner] INFO Transformed 3198 rows
2026-04-01 08:14:54 [News Sentiment Scanner] INFO Storing...
2026-04-01 08:14:54 [News Sentiment Scanner] INFO Writing 3198 news articles...
2026-04-01 08:14:54 [News Sentiment Scanner] INFO Stored 3198 rows
2026-04-01 08:14:54 [News Sentiment Scanner] INFO News sentiment: 596 fetched, 3198 stored, 129 skipped, 6 errors
2026-04-01 08:14:54 [News Sentiment Scanner] INFO === Done in 893.32s | {'fetched': 596, 'transformed': 3198, 'stored': 3198, 'errors': 6, 'skipped': 129, 'elapsed': 893.32} ===
