2026-04-01 09:00:01 [score_engine] INFO Scoring 725 securities with active signals...
2026-04-01 09:00:01 [score_engine] INFO   BTC-USD: 0.4482 (MODERATE) — 6 signals
2026-04-01 09:00:01 [score_engine] INFO   KDP: 0.6314 (ELEVATED) — 13 signals
2026-04-01 09:00:01 [score_engine] INFO   BCH-USD: 0.2949 (MODERATE) — 5 signals
2026-04-01 09:00:02 [score_engine] INFO   SOLV: 0.5650 (ELEVATED) — 13 signals
2026-04-01 09:00:02 [score_engine] INFO   KMB: 0.6485 (ELEVATED) — 14 signals
2026-04-01 09:00:02 [score_engine] INFO   WM: 0.8495 (CRITICAL) — 15 signals
2026-04-01 09:00:02 [score_engine] INFO   HAL: 0.8768 (CRITICAL) — 16 signals
2026-04-01 09:00:02 [score_engine] INFO   NOW: 0.5027 (ELEVATED) — 14 signals
2026-04-01 09:00:02 [score_engine] INFO   REG: 0.4287 (MODERATE) — 13 signals
2026-04-01 09:00:02 [score_engine] INFO   VXX: 0.7928 (CRITICAL) — 17 signals
2026-04-01 09:00:02 [score_engine] INFO   PEG: 0.4045 (MODERATE) — 13 signals
2026-04-01 09:00:03 [score_engine] INFO   MDB: 0.4378 (MODERATE) — 12 signals
2026-04-01 09:00:03 [score_engine] INFO   ADI: 0.5103 (ELEVATED) — 13 signals
2026-04-01 09:00:03 [score_engine] INFO   SOXS: 0.8778 (CRITICAL) — 18 signals
2026-04-01 09:00:03 [score_engine] INFO   MO: 0.5704 (ELEVATED) — 13 signals
2026-04-01 09:00:03 [score_engine] INFO   IAU: 0.3970 (MODERATE) — 12 signals
2026-04-01 09:00:03 [score_engine] INFO   AVY: 0.3913 (MODERATE) — 12 signals
2026-04-01 09:00:03 [score_engine] INFO   INTC: 0.5536 (ELEVATED) — 14 signals
2026-04-01 09:00:03 [score_engine] INFO   AKAM: 0.8733 (CRITICAL) — 14 signals
2026-04-01 09:00:03 [score_engine] INFO   CTSH: 0.5865 (ELEVATED) — 15 signals
2026-04-01 09:00:04 [score_engine] INFO   JBLU: 0.8899 (CRITICAL) — 16 signals
2026-04-01 09:00:04 [score_engine] INFO   GOLD: 0.9647 (CRITICAL) — 18 signals
2026-04-01 09:00:04 [score_engine] INFO   WMT: 0.9576 (CRITICAL) — 20 signals
2026-04-01 09:00:05 [score_engine] INFO   ATOM-USD: 0.5297 (ELEVATED) — 5 signals
2026-04-01 09:00:05 [score_engine] INFO   VCIT: 0.4454 (MODERATE) — 14 signals
2026-04-01 09:00:05 [score_engine] INFO   F: 0.6225 (ELEVATED) — 14 signals
2026-04-01 09:00:05 [score_engine] INFO   OTIS: 0.4159 (MODERATE) — 13 signals
2026-04-01 09:00:06 [score_engine] INFO   VCSH: 0.3685 (MODERATE) — 13 signals
2026-04-01 09:00:06 [score_engine] INFO   MU: 0.7702 (CRITICAL) — 17 signals
2026-04-01 09:00:06 [score_engine] INFO   KR: 0.4911 (MODERATE) — 15 signals
2026-04-01 09:00:06 [score_engine] INFO   VNQ: 0.2536 (MODERATE) — 12 signals
2026-04-01 09:00:06 [score_engine] INFO   ADSK: 0.5284 (ELEVATED) — 14 signals
2026-04-01 09:00:06 [score_engine] INFO   PPG: 0.5595 (ELEVATED) — 13 signals
2026-04-01 09:00:06 [score_engine] INFO   PFG: 0.6104 (ELEVATED) — 13 signals
2026-04-01 09:00:06 [score_engine] INFO   VRSK: 0.5314 (ELEVATED) — 13 signals
2026-04-01 09:00:06 [score_engine] INFO   MPC: 0.7292 (ELEVATED) — 15 signals
2026-04-01 09:00:07 [score_engine] INFO   PH: 0.8093 (CRITICAL) — 15 signals
2026-04-01 09:00:07 [score_engine] INFO   NTAP: 0.6703 (ELEVATED) — 15 signals
2026-04-01 09:00:07 [score_engine] INFO   HII: 0.4598 (MODERATE) — 12 signals
2026-04-01 09:00:07 [score_engine] INFO   EEM: 0.7630 (CRITICAL) — 14 signals
2026-04-01 09:00:07 [score_engine] INFO   STX: 0.2814 (MODERATE) — 5 signals
2026-04-01 09:00:07 [score_engine] INFO   TT: 0.7148 (ELEVATED) — 14 signals
2026-04-01 09:00:07 [score_engine] INFO   DIS: 0.8009 (CRITICAL) — 15 signals
2026-04-01 09:00:07 [score_engine] INFO   OP-USD: 0.4258 (MODERATE) — 5 signals
2026-04-01 09:00:08 [score_engine] INFO   MCHP: 0.6396 (ELEVATED) — 15 signals
2026-04-01 09:00:08 [score_engine] INFO   WDAY: 0.6158 (ELEVATED) — 16 signals
2026-04-01 09:00:08 [score_engine] INFO   PPLT: 0.4076 (MODERATE) — 14 signals
2026-04-01 09:00:08 [score_engine] INFO   FXI: 0.4866 (MODERATE) — 14 signals
2026-04-01 09:00:08 [score_engine] INFO   HPE: 0.7463 (ELEVATED) — 16 signals
2026-04-01 09:00:08 [score_engine] INFO   IWB: 0.4864 (MODERATE) — 13 signals
2026-04-01 09:00:09 [score_engine] INFO   TER: 0.4883 (MODERATE) — 12 signals
2026-04-01 09:00:09 [score_engine] INFO   XLF: 0.6022 (ELEVATED) — 13 signals
2026-04-01 09:00:09 [score_engine] INFO   NET: 0.7085 (ELEVATED) — 14 signals
2026-04-01 09:00:09 [score_engine] INFO   DBA: 0.4777 (MODERATE) — 13 signals
2026-04-01 09:00:09 [score_engine] INFO   IONQ: 0.9133 (CRITICAL) — 16 signals
2026-04-01 09:00:09 [score_engine] INFO   LRCX: 0.8829 (CRITICAL) — 18 signals
2026-04-01 09:00:09 [score_engine] INFO   AMZN: 0.3966 (MODERATE) — 14 signals
2026-04-01 09:00:09 [score_engine] INFO   FIS: 0.4203 (MODERATE) — 13 signals
2026-04-01 09:00:09 [score_engine] INFO   KIM: 0.4816 (MODERATE) — 14 signals
2026-04-01 09:00:10 [score_engine] INFO   MMM: 0.4854 (MODERATE) — 13 signals
2026-04-01 09:00:10 [score_engine] INFO   QQQM: 0.4825 (MODERATE) — 13 signals
2026-04-01 09:00:10 [score_engine] INFO   PHM: 0.5148 (ELEVATED) — 14 signals
2026-04-01 09:00:10 [score_engine] INFO   LEN: 0.9047 (CRITICAL) — 20 signals
2026-04-01 09:00:10 [score_engine] INFO   UNH: 0.6601 (ELEVATED) — 14 signals
2026-04-01 09:00:10 [score_engine] INFO   MTZ: 0.4376 (MODERATE) — 13 signals
2026-04-01 09:00:11 [score_engine] INFO   VHT: 0.2806 (MODERATE) — 12 signals
2026-04-01 09:00:11 [score_engine] INFO   TCEHY: 0.4269 (MODERATE) — 13 signals
2026-04-01 09:00:11 [score_engine] INFO   CSX: 0.3180 (MODERATE) — 12 signals
2026-04-01 09:00:11 [score_engine] INFO   COIN: 0.8860 (CRITICAL) — 17 signals
2026-04-01 09:00:12 [score_engine] INFO   EWJ: 0.5027 (ELEVATED) — 13 signals
2026-04-01 09:00:12 [score_engine] INFO   BOTZ: 0.4521 (MODERATE) — 12 signals
2026-04-01 09:00:12 [score_engine] INFO   MAA: 0.2941 (MODERATE) — 12 signals
2026-04-01 09:00:12 [score_engine] INFO   VTRS: 0.6095 (ELEVATED) — 14 signals
2026-04-01 09:00:12 [score_engine] INFO   BA: 0.4737 (MODERATE) — 13 signals
2026-04-01 09:00:12 [score_engine] INFO   BRK-A: 0.6215 (ELEVATED) — 14 signals
2026-04-01 09:00:12 [score_engine] INFO   NUE: 0.5813 (ELEVATED) — 13 signals
2026-04-01 09:00:12 [score_engine] INFO   GRAB: 0.7854 (CRITICAL) — 14 signals
2026-04-01 09:00:12 [score_engine] INFO   LIN: 0.3284 (MODERATE) — 14 signals
2026-04-01 09:00:13 [score_engine] INFO   TKO: 0.9342 (CRITICAL) — 16 signals
2026-04-01 09:00:13 [score_engine] INFO   PDBC: 0.6575 (ELEVATED) — 13 signals
2026-04-01 09:00:13 [score_engine] INFO   TMO: 0.2597 (MODERATE) — 13 signals
2026-04-01 09:00:13 [score_engine] INFO   TSN: 0.2855 (MODERATE) — 13 signals
2026-04-01 09:00:13 [score_engine] INFO   EL: 0.8313 (CRITICAL) — 14 signals
2026-04-01 09:00:13 [score_engine] INFO   SQM: 0.4009 (MODERATE) — 12 signals
2026-04-01 09:00:13 [score_engine] INFO   WFC: 0.8659 (CRITICAL) — 16 signals
2026-04-01 09:00:14 [score_engine] INFO   A: 0.4991 (MODERATE) — 14 signals
2026-04-01 09:00:14 [score_engine] INFO   NFLX: 0.7131 (ELEVATED) — 17 signals
2026-04-01 09:00:14 [score_engine] INFO   MP: 0.9651 (CRITICAL) — 21 signals
2026-04-01 09:00:14 [score_engine] INFO   TQQQ: 0.8133 (CRITICAL) — 16 signals
2026-04-01 09:00:14 [score_engine] INFO   CSCO: 0.7752 (CRITICAL) — 14 signals
2026-04-01 09:00:14 [score_engine] INFO   CHTR: 0.9405 (CRITICAL) — 16 signals
2026-04-01 09:00:15 [score_engine] INFO   ASML: 0.5391 (ELEVATED) — 13 signals
2026-04-01 09:00:15 [score_engine] INFO   LMT: 0.8480 (CRITICAL) — 17 signals
2026-04-01 09:00:15 [score_engine] INFO   LAC: 0.6795 (ELEVATED) — 17 signals
2026-04-01 09:00:15 [score_engine] INFO   EFX: 0.5729 (ELEVATED) — 13 signals
2026-04-01 09:00:15 [score_engine] INFO   NWS: 0.9346 (CRITICAL) — 16 signals
2026-04-01 09:00:15 [score_engine] INFO   CSGP: 0.7513 (CRITICAL) — 14 signals
2026-04-01 09:00:15 [score_engine] INFO   J: 0.3294 (MODERATE) — 12 signals
2026-04-01 09:00:16 [score_engine] INFO   EA: 0.4478 (MODERATE) — 13 signals
2026-04-01 09:00:16 [score_engine] INFO   AXS-USD: 0.2613 (MODERATE) — 5 signals
2026-04-01 09:00:16 [score_engine] INFO   EVRG: 0.3570 (MODERATE) — 14 signals
2026-04-01 09:00:16 [score_engine] INFO   JEPI: 0.4500 (MODERATE) — 13 signals
2026-04-01 09:00:16 [score_engine] INFO   ACN: 0.3302 (MODERATE) — 13 signals
2026-04-01 09:00:16 [score_engine] INFO   CIEN: 0.3612 (MODERATE) — 5 signals
2026-04-01 09:00:17 [score_engine] INFO   EXE: 0.5156 (ELEVATED) — 14 signals
2026-04-01 09:00:17 [score_engine] INFO   VRTX: 0.6938 (ELEVATED) — 13 signals
2026-04-01 09:00:17 [score_engine] INFO   HMC: 0.4326 (MODERATE) — 12 signals
2026-04-01 09:00:17 [score_engine] INFO   VDE: 0.4973 (MODERATE) — 13 signals
2026-04-01 09:00:18 [score_engine] INFO   CHPT: 0.9558 (CRITICAL) — 17 signals
2026-04-01 09:00:18 [score_engine] INFO   PM: 0.2614 (MODERATE) — 12 signals
2026-04-01 09:00:18 [score_engine] INFO   AIG: 0.7194 (ELEVATED) — 15 signals
2026-04-01 09:00:18 [score_engine] INFO   PYPL: 0.5188 (ELEVATED) — 14 signals
2026-04-01 09:00:18 [score_engine] INFO   ABNB: 0.3860 (MODERATE) — 13 signals
2026-04-01 09:00:18 [score_engine] INFO   VMC: 0.3653 (MODERATE) — 12 signals
2026-04-01 09:00:19 [score_engine] INFO   RACE: 0.5978 (ELEVATED) — 16 signals
2026-04-01 09:00:19 [score_engine] INFO   T: 0.5500 (ELEVATED) — 14 signals
2026-04-01 09:00:19 [score_engine] INFO   LI: 0.5170 (ELEVATED) — 14 signals
2026-04-01 09:00:19 [score_engine] INFO   FNV: 0.4236 (MODERATE) — 13 signals
2026-04-01 09:00:19 [score_engine] INFO   CPRT: 0.4923 (MODERATE) — 13 signals
2026-04-01 09:00:19 [score_engine] INFO   PAYX: 0.4166 (MODERATE) — 14 signals
2026-04-01 09:00:19 [score_engine] INFO   SPG: 0.3014 (MODERATE) — 12 signals
2026-04-01 09:00:19 [score_engine] INFO   INDA: 0.5651 (ELEVATED) — 14 signals
2026-04-01 09:00:19 [score_engine] INFO   QUAL: 0.3476 (MODERATE) — 12 signals
2026-04-01 09:00:20 [score_engine] INFO   GD: 0.7040 (ELEVATED) — 15 signals
2026-04-01 09:00:20 [score_engine] INFO   ARM: 0.6407 (ELEVATED) — 15 signals
2026-04-01 09:00:20 [score_engine] INFO   VICI: 0.3206 (MODERATE) — 13 signals
2026-04-01 09:00:20 [score_engine] INFO   GPN: 0.4092 (MODERATE) — 12 signals
2026-04-01 09:00:20 [score_engine] INFO   SYF: 0.7589 (CRITICAL) — 15 signals
2026-04-01 09:00:20 [score_engine] INFO   GLW: 0.7470 (ELEVATED) — 17 signals
2026-04-01 09:00:20 [score_engine] INFO   HOLX: 0.2527 (MODERATE) — 13 signals
2026-04-01 09:00:20 [score_engine] INFO   TXT: 0.4229 (MODERATE) — 12 signals
2026-04-01 09:00:21 [score_engine] INFO   SWK: 0.6610 (ELEVATED) — 14 signals
2026-04-01 09:00:21 [score_engine] INFO   PATH: 0.8150 (CRITICAL) — 16 signals
2026-04-01 09:00:21 [score_engine] INFO   ALK: 0.8128 (CRITICAL) — 19 signals
2026-04-01 09:00:21 [score_engine] INFO   SHOP: 0.5622 (ELEVATED) — 15 signals
2026-04-01 09:00:21 [score_engine] INFO   CVNA: 0.9651 (CRITICAL) — 20 signals
2026-04-01 09:00:21 [score_engine] INFO   PRU: 0.8174 (CRITICAL) — 15 signals
2026-04-01 09:00:21 [score_engine] INFO   CNP: 0.2577 (MODERATE) — 13 signals
2026-04-01 09:00:21 [score_engine] INFO   SOUN: 0.9782 (CRITICAL) — 19 signals
2026-04-01 09:00:21 [score_engine] INFO   MPWR: 0.7248 (ELEVATED) — 14 signals
2026-04-01 09:00:22 [score_engine] INFO   AIZ: 0.5875 (ELEVATED) — 14 signals
2026-04-01 09:00:22 [score_engine] INFO   ADP: 0.3968 (MODERATE) — 13 signals
2026-04-01 09:00:22 [score_engine] INFO   AXP: 0.4789 (MODERATE) — 14 signals
2026-04-01 09:00:22 [score_engine] INFO   SBUX: 0.5911 (ELEVATED) — 14 signals
2026-04-01 09:00:22 [score_engine] INFO   VLO: 0.5534 (ELEVATED) — 14 signals
2026-04-01 09:00:22 [score_engine] INFO   AVGO: 0.5912 (ELEVATED) — 15 signals
2026-04-01 09:00:22 [score_engine] INFO   PCAR: 0.3094 (MODERATE) — 12 signals
2026-04-01 09:00:22 [score_engine] INFO   MET: 0.6387 (ELEVATED) — 14 signals
2026-04-01 09:00:23 [score_engine] INFO   CAG: 0.7121 (ELEVATED) — 15 signals
2026-04-01 09:00:23 [score_engine] INFO   BABA: 0.8407 (CRITICAL) — 16 signals
2026-04-01 09:00:23 [score_engine] INFO   PRIM: 0.7265 (ELEVATED) — 16 signals
2026-04-01 09:00:23 [score_engine] INFO   MELI: 0.6305 (ELEVATED) — 14 signals
2026-04-01 09:00:24 [score_engine] INFO   CTRA: 0.6240 (ELEVATED) — 14 signals
2026-04-01 09:00:24 [score_engine] INFO   TEAM: 0.8311 (CRITICAL) — 16 signals
2026-04-01 09:00:24 [score_engine] INFO   Q: 0.6033 (ELEVATED) — 13 signals
2026-04-01 09:00:24 [score_engine] INFO   SH: 0.5492 (ELEVATED) — 14 signals
2026-04-01 09:00:24 [score_engine] INFO   PFE: 0.7012 (ELEVATED) — 14 signals
2026-04-01 09:00:24 [score_engine] INFO   RENDER-USD: 0.2675 (MODERATE) — 4 signals
2026-04-01 09:00:25 [score_engine] INFO   AME: 0.3825 (MODERATE) — 12 signals
2026-04-01 09:00:25 [score_engine] INFO   MTUM: 0.6369 (ELEVATED) — 16 signals
2026-04-01 09:00:25 [score_engine] INFO   IWM: 0.6943 (ELEVATED) — 13 signals
2026-04-01 09:00:25 [score_engine] INFO   LDOS: 0.6390 (ELEVATED) — 14 signals
2026-04-01 09:00:25 [score_engine] INFO   RUNE-USD: 0.3638 (MODERATE) — 5 signals
2026-04-01 09:00:25 [score_engine] INFO   WAB: 0.5335 (ELEVATED) — 13 signals
2026-04-01 09:00:25 [score_engine] INFO   BX: 0.2542 (MODERATE) — 13 signals
2026-04-01 09:00:25 [score_engine] INFO   ANET: 0.4879 (MODERATE) — 13 signals
2026-04-01 09:00:26 [score_engine] INFO   BNO: 0.6730 (ELEVATED) — 15 signals
2026-04-01 09:00:26 [score_engine] INFO   MDT: 0.4604 (MODERATE) — 13 signals
2026-04-01 09:00:26 [score_engine] INFO   BSX: 0.9490 (CRITICAL) — 22 signals
2026-04-01 09:00:26 [score_engine] INFO   ICE: 0.4423 (MODERATE) — 13 signals
2026-04-01 09:00:26 [score_engine] INFO   MSI: 0.6667 (ELEVATED) — 15 signals
2026-04-01 09:00:26 [score_engine] INFO   MKC: 0.7806 (CRITICAL) — 16 signals
2026-04-01 09:00:26 [score_engine] INFO   CI: 0.6554 (ELEVATED) — 14 signals
2026-04-01 09:00:26 [score_engine] INFO   SYK: 0.4311 (MODERATE) — 13 signals
2026-04-01 09:00:26 [score_engine] INFO   ACGL: 0.5204 (ELEVATED) — 13 signals
2026-04-01 09:00:26 [score_engine] INFO   LUV: 0.8874 (CRITICAL) — 15 signals
2026-04-01 09:00:27 [score_engine] INFO   SPXL: 0.6924 (ELEVATED) — 16 signals
2026-04-01 09:00:27 [score_engine] INFO   AAVE: 0.2744 (MODERATE) — 12 signals
2026-04-01 09:00:27 [score_engine] INFO   PNW: 0.5192 (ELEVATED) — 14 signals
2026-04-01 09:00:27 [score_engine] INFO   DDOG: 0.6070 (ELEVATED) — 14 signals
2026-04-01 09:00:27 [score_engine] INFO   GOOG: 0.4325 (MODERATE) — 13 signals
2026-04-01 09:00:27 [score_engine] INFO   CTVA: 0.2900 (MODERATE) — 13 signals
2026-04-01 09:00:27 [score_engine] INFO   TXN: 0.4450 (MODERATE) — 13 signals
2026-04-01 09:00:28 [score_engine] INFO   GEV: 0.5955 (ELEVATED) — 13 signals
2026-04-01 09:00:28 [score_engine] INFO   EG: 0.4127 (MODERATE) — 13 signals
2026-04-01 09:00:28 [score_engine] INFO   BG: 0.3251 (MODERATE) — 13 signals
2026-04-01 09:00:29 [score_engine] INFO   DOCU: 0.4366 (MODERATE) — 14 signals
2026-04-01 09:00:29 [score_engine] INFO   MAS: 0.3739 (MODERATE) — 12 signals
2026-04-01 09:00:29 [score_engine] INFO   ADM: 0.9296 (CRITICAL) — 17 signals
2026-04-01 09:00:29 [score_engine] INFO   WELL: 0.4239 (MODERATE) — 13 signals
2026-04-01 09:00:29 [score_engine] INFO   EPAM: 0.6980 (ELEVATED) — 16 signals
2026-04-01 09:00:29 [score_engine] INFO   SW: 0.8532 (CRITICAL) — 16 signals
2026-04-01 09:00:30 [score_engine] INFO   ZM: 0.4679 (MODERATE) — 13 signals
2026-04-01 09:00:30 [score_engine] INFO   URA: 0.4537 (MODERATE) — 12 signals
2026-04-01 09:00:30 [score_engine] INFO   TGT: 0.6318 (ELEVATED) — 13 signals
2026-04-01 09:00:30 [score_engine] INFO   CRL: 0.6881 (ELEVATED) — 15 signals
2026-04-01 09:00:30 [score_engine] INFO   ETH-USD: 0.4566 (MODERATE) — 5 signals
2026-04-01 09:00:30 [score_engine] INFO   CMI: 0.4999 (MODERATE) — 13 signals
2026-04-01 09:00:30 [score_engine] INFO   VEA: 0.4579 (MODERATE) — 13 signals
2026-04-01 09:00:30 [score_engine] INFO   EW: 0.5336 (ELEVATED) — 13 signals
2026-04-01 09:00:30 [score_engine] INFO   IBM: 0.4383 (MODERATE) — 13 signals
2026-04-01 09:00:30 [score_engine] INFO   VRSN: 0.5390 (ELEVATED) — 14 signals
2026-04-01 09:00:30 [score_engine] INFO   THETA-USD: 0.4701 (MODERATE) — 5 signals
2026-04-01 09:00:30 [score_engine] INFO   VTV: 0.2641 (MODERATE) — 12 signals
2026-04-01 09:00:31 [score_engine] INFO   1INCH: 0.3926 (MODERATE) — 13 signals
2026-04-01 09:00:31 [score_engine] INFO   BAC: 0.8381 (CRITICAL) — 16 signals
2026-04-01 09:00:31 [score_engine] INFO   DVA: 0.6272 (ELEVATED) — 15 signals
2026-04-01 09:00:31 [score_engine] INFO   TIA-USD: 0.3424 (MODERATE) — 5 signals
2026-04-01 09:00:31 [score_engine] INFO   EIX: 0.4068 (MODERATE) — 14 signals
2026-04-01 09:00:31 [score_engine] INFO   AFRM: 0.5942 (ELEVATED) — 16 signals
2026-04-01 09:00:31 [score_engine] INFO   WOLF: 0.9573 (CRITICAL) — 18 signals
2026-04-01 09:00:32 [score_engine] INFO   TPL: 0.8274 (CRITICAL) — 17 signals
2026-04-01 09:00:32 [score_engine] INFO   AVB: 0.3656 (MODERATE) — 12 signals
2026-04-01 09:00:32 [score_engine] INFO   APH: 0.5670 (ELEVATED) — 14 signals
2026-04-01 09:00:32 [score_engine] INFO   INTU: 0.4118 (MODERATE) — 13 signals
2026-04-01 09:00:32 [score_engine] INFO   PSA: 0.4472 (MODERATE) — 13 signals
2026-04-01 09:00:32 [score_engine] INFO   XLC: 0.4382 (MODERATE) — 13 signals
2026-04-01 09:00:32 [score_engine] INFO   VZ: 0.8681 (CRITICAL) — 18 signals
2026-04-01 09:00:33 [score_engine] INFO   RF: 0.5431 (ELEVATED) — 14 signals
2026-04-01 09:00:33 [score_engine] INFO   AON: 0.4954 (MODERATE) — 14 signals
2026-04-01 09:00:33 [score_engine] INFO   ZS: 0.8869 (CRITICAL) — 16 signals
2026-04-01 09:00:33 [score_engine] INFO   GRMN: 0.4142 (MODERATE) — 12 signals
2026-04-01 09:00:33 [score_engine] INFO   IVZ: 0.7882 (CRITICAL) — 15 signals
2026-04-01 09:00:33 [score_engine] INFO   LDO-USD: 0.4627 (MODERATE) — 5 signals
2026-04-01 09:00:34 [score_engine] INFO   CCEP: 0.2949 (MODERATE) — 12 signals
2026-04-01 09:00:34 [score_engine] INFO   MRVL: 0.8412 (CRITICAL) — 18 signals
2026-04-01 09:00:34 [score_engine] INFO   AEHR: 0.8950 (CRITICAL) — 17 signals
2026-04-01 09:00:34 [score_engine] INFO   AMT: 0.7628 (CRITICAL) — 14 signals
2026-04-01 09:00:34 [score_engine] INFO   TTD: 0.7093 (ELEVATED) — 15 signals
2026-04-01 09:00:34 [score_engine] INFO   XPEV: 0.7099 (ELEVATED) — 15 signals
2026-04-01 09:00:34 [score_engine] INFO   ETN: 0.6975 (ELEVATED) — 14 signals
2026-04-01 09:00:35 [score_engine] INFO   DE: 0.4238 (MODERATE) — 12 signals
2026-04-01 09:00:35 [score_engine] INFO   CAT: 0.4933 (MODERATE) — 13 signals
2026-04-01 09:00:35 [score_engine] INFO   LNT: 0.3496 (MODERATE) — 13 signals
2026-04-01 09:00:35 [score_engine] INFO   MRNA: 0.6130 (ELEVATED) — 16 signals
2026-04-01 09:00:35 [score_engine] INFO   DXCM: 0.7644 (CRITICAL) — 15 signals
2026-04-01 09:00:35 [score_engine] INFO   MUB: 0.4714 (MODERATE) — 13 signals
2026-04-01 09:00:36 [score_engine] INFO   SOXL: 0.8397 (CRITICAL) — 18 signals
2026-04-01 09:00:36 [score_engine] INFO   RMD: 0.7588 (CRITICAL) — 14 signals
2026-04-01 09:00:36 [score_engine] INFO   CB: 0.5490 (ELEVATED) — 13 signals
2026-04-01 09:00:36 [score_engine] INFO   PWR: 0.4184 (MODERATE) — 13 signals
2026-04-01 09:00:36 [score_engine] INFO   ORCL: 0.3326 (MODERATE) — 13 signals
2026-04-01 09:00:37 [score_engine] INFO   DECK: 0.5831 (ELEVATED) — 13 signals
2026-04-01 09:00:37 [score_engine] INFO   SNA: 0.4508 (MODERATE) — 13 signals
2026-04-01 09:00:37 [score_engine] INFO   AMGN: 0.2789 (MODERATE) — 12 signals
2026-04-01 09:00:37 [score_engine] INFO   AMP: 0.6785 (ELEVATED) — 13 signals
2026-04-01 09:00:37 [score_engine] INFO   CRWD: 0.8804 (CRITICAL) — 19 signals
2026-04-01 09:00:37 [score_engine] INFO   ALB: 0.7403 (ELEVATED) — 17 signals
2026-04-01 09:00:38 [score_engine] INFO   IYR: 0.2552 (MODERATE) — 12 signals
2026-04-01 09:00:38 [score_engine] INFO   JBL: 0.5984 (ELEVATED) — 16 signals
2026-04-01 09:00:38 [score_engine] INFO   QQQ: 0.6517 (ELEVATED) — 14 signals
2026-04-01 09:00:38 [score_engine] INFO   ALLE: 0.5425 (ELEVATED) — 13 signals
2026-04-01 09:00:38 [score_engine] INFO   MSFT: 0.7071 (ELEVATED) — 16 signals
2026-04-01 09:00:38 [score_engine] INFO   SHY: 0.4716 (MODERATE) — 13 signals
2026-04-01 09:00:38 [score_engine] INFO   SPOT: 0.3167 (MODERATE) — 13 signals
2026-04-01 09:00:38 [score_engine] INFO   RVTY: 0.7206 (ELEVATED) — 14 signals
2026-04-01 09:00:39 [score_engine] INFO   VST: 0.8381 (CRITICAL) — 17 signals
2026-04-01 09:00:39 [score_engine] INFO   LH: 0.3124 (MODERATE) — 12 signals
2026-04-01 09:00:39 [score_engine] INFO   EVGO: 0.8352 (CRITICAL) — 15 signals
2026-04-01 09:00:39 [score_engine] INFO   RYLD: 0.2729 (MODERATE) — 12 signals
2026-04-01 09:00:39 [score_engine] INFO   OXY: 0.7536 (CRITICAL) — 16 signals
2026-04-01 09:00:39 [score_engine] INFO   PAYC: 0.8682 (CRITICAL) — 16 signals
2026-04-01 09:00:39 [score_engine] INFO   SMH: 0.6422 (ELEVATED) — 15 signals
2026-04-01 09:00:39 [score_engine] INFO   ENPH: 0.7655 (CRITICAL) — 15 signals
2026-04-01 09:00:40 [score_engine] INFO   FTV: 0.3616 (MODERATE) — 13 signals
2026-04-01 09:00:40 [score_engine] INFO   ETR: 0.3503 (MODERATE) — 12 signals
2026-04-01 09:00:40 [score_engine] INFO   SMCI: 0.9303 (CRITICAL) — 18 signals
2026-04-01 09:00:40 [score_engine] INFO   BE: 0.9325 (CRITICAL) — 17 signals
2026-04-01 09:00:40 [score_engine] INFO   CME: 0.4307 (MODERATE) — 13 signals
2026-04-01 09:00:40 [score_engine] INFO   ICP-USD: 0.3733 (MODERATE) — 5 signals
2026-04-01 09:00:40 [score_engine] INFO   RCL: 0.5885 (ELEVATED) — 15 signals
2026-04-01 09:00:41 [score_engine] INFO   GE: 0.6899 (ELEVATED) — 15 signals
2026-04-01 09:00:41 [score_engine] INFO   BILI: 0.7263 (ELEVATED) — 15 signals
2026-04-01 09:00:41 [score_engine] INFO   XOM: 0.6364 (ELEVATED) — 14 signals
2026-04-01 09:00:41 [score_engine] INFO   O: 0.5943 (ELEVATED) — 15 signals
2026-04-01 09:00:41 [score_engine] INFO   HBAN: 0.5361 (ELEVATED) — 15 signals
2026-04-01 09:00:41 [score_engine] INFO   JPM: 0.4996 (MODERATE) — 14 signals
2026-04-01 09:00:41 [score_engine] INFO   CANE: 0.7082 (ELEVATED) — 13 signals
2026-04-01 09:00:42 [score_engine] INFO   LVS: 0.5548 (ELEVATED) — 14 signals
2026-04-01 09:00:42 [score_engine] INFO   DBC: 0.6566 (ELEVATED) — 13 signals
2026-04-01 09:00:42 [score_engine] INFO   C: 0.3708 (MODERATE) — 13 signals
2026-04-01 09:00:43 [score_engine] INFO   YUM: 0.6180 (ELEVATED) — 14 signals
2026-04-01 09:00:43 [score_engine] INFO   MCK: 0.5802 (ELEVATED) — 14 signals
2026-04-01 09:00:43 [score_engine] INFO   MSCI: 0.3014 (MODERATE) — 13 signals
2026-04-01 09:00:43 [score_engine] INFO   STT: 0.6227 (ELEVATED) — 13 signals
2026-04-01 09:00:43 [score_engine] INFO   GFS: 0.7606 (CRITICAL) — 14 signals
2026-04-01 09:00:43 [score_engine] INFO   LLY: 0.4324 (MODERATE) — 13 signals
2026-04-01 09:00:44 [score_engine] INFO   TRMB: 0.8571 (CRITICAL) — 16 signals
2026-04-01 09:00:44 [score_engine] INFO   UAL: 0.4800 (MODERATE) — 12 signals
2026-04-01 09:00:44 [score_engine] INFO   DLTR: 0.4546 (MODERATE) — 13 signals
2026-04-01 09:00:44 [score_engine] INFO   CVS: 0.3650 (MODERATE) — 12 signals
2026-04-01 09:00:45 [score_engine] INFO   XYLD: 0.3161 (MODERATE) — 13 signals
2026-04-01 09:00:45 [score_engine] INFO   SCHW: 0.5464 (ELEVATED) — 13 signals
2026-04-01 09:00:45 [score_engine] INFO   CLX: 0.4628 (MODERATE) — 13 signals
2026-04-01 09:00:45 [score_engine] INFO   EOG: 0.6319 (ELEVATED) — 14 signals
2026-04-01 09:00:45 [score_engine] INFO   SE: 0.6767 (ELEVATED) — 15 signals
2026-04-01 09:00:45 [score_engine] INFO   IWF: 0.3247 (MODERATE) — 12 signals
2026-04-01 09:00:45 [score_engine] INFO   NXPI: 0.6579 (ELEVATED) — 14 signals
2026-04-01 09:00:45 [score_engine] INFO   AMD: 0.6085 (ELEVATED) — 14 signals
2026-04-01 09:00:46 [score_engine] INFO   AMCR: 0.5597 (ELEVATED) — 13 signals
2026-04-01 09:00:46 [score_engine] INFO   GPC: 0.3941 (MODERATE) — 13 signals
2026-04-01 09:00:46 [score_engine] INFO   FICO: 0.6406 (ELEVATED) — 15 signals
2026-04-01 09:00:46 [score_engine] INFO   FTNT: 0.3824 (MODERATE) — 13 signals
2026-04-01 09:00:46 [score_engine] INFO   ALNY: 0.6941 (ELEVATED) — 14 signals
2026-04-01 09:00:46 [score_engine] INFO   LYB: 0.6162 (ELEVATED) — 15 signals
2026-04-01 09:00:47 [score_engine] INFO   EWT: 0.3282 (MODERATE) — 12 signals
2026-04-01 09:00:47 [score_engine] INFO   EXPD: 0.3669 (MODERATE) — 13 signals
2026-04-01 09:00:47 [score_engine] INFO   CRH: 0.8277 (CRITICAL) — 15 signals
2026-04-01 09:00:47 [score_engine] INFO   MCHI: 0.4505 (MODERATE) — 13 signals
2026-04-01 09:00:47 [score_engine] INFO   AAVE-USD: 0.3404 (MODERATE) — 5 signals
2026-04-01 09:00:48 [score_engine] INFO   FANG: 0.9803 (CRITICAL) — 18 signals
2026-04-01 09:00:48 [score_engine] INFO   BR: 0.6202 (ELEVATED) — 14 signals
2026-04-01 09:00:48 [score_engine] INFO   TRGP: 0.5757 (ELEVATED) — 14 signals
2026-04-01 09:00:48 [score_engine] INFO   QCOM: 0.5445 (ELEVATED) — 15 signals
2026-04-01 09:00:48 [score_engine] INFO   PTC: 0.7725 (CRITICAL) — 16 signals
2026-04-01 09:00:49 [score_engine] INFO   KO: 0.7950 (CRITICAL) — 16 signals
2026-04-01 09:00:49 [score_engine] INFO   DD: 0.4018 (MODERATE) — 13 signals
2026-04-01 09:00:49 [score_engine] INFO   ARES: 0.3510 (MODERATE) — 14 signals
2026-04-01 09:00:49 [score_engine] INFO   HUBS: 0.4460 (MODERATE) — 14 signals
2026-04-01 09:00:49 [score_engine] INFO   FET-USD: 0.5029 (ELEVATED) — 5 signals
2026-04-01 09:00:49 [score_engine] INFO   GS: 0.6772 (ELEVATED) — 15 signals
2026-04-01 09:00:49 [score_engine] INFO   AZO: 0.3211 (MODERATE) — 12 signals
2026-04-01 09:00:49 [score_engine] INFO   CLF: 0.6170 (ELEVATED) — 16 signals
2026-04-01 09:00:49 [score_engine] INFO   VUG: 0.3451 (MODERATE) — 12 signals
2026-04-01 09:00:50 [score_engine] INFO   PLTR: 0.9386 (CRITICAL) — 17 signals
2026-04-01 09:00:50 [score_engine] INFO   JASMY-USD: 0.3688 (MODERATE) — 5 signals
2026-04-01 09:00:50 [score_engine] INFO   NCLH: 0.9487 (CRITICAL) — 19 signals
2026-04-01 09:00:50 [score_engine] INFO   FER: 0.5407 (ELEVATED) — 14 signals
2026-04-01 09:00:50 [score_engine] INFO   UPRO: 0.6931 (ELEVATED) — 16 signals
2026-04-01 09:00:50 [score_engine] INFO   APP: 0.8948 (CRITICAL) — 15 signals
2026-04-01 09:00:50 [score_engine] INFO   SOFI: 0.7701 (CRITICAL) — 16 signals
2026-04-01 09:00:50 [score_engine] INFO   LITE: 0.3884 (MODERATE) — 5 signals
2026-04-01 09:00:50 [score_engine] INFO   HWM: 0.4327 (MODERATE) — 12 signals
2026-04-01 09:00:50 [score_engine] INFO   TDY: 0.6448 (ELEVATED) — 13 signals
2026-04-01 09:00:51 [score_engine] INFO   VTI: 0.3092 (MODERATE) — 12 signals
2026-04-01 09:00:51 [score_engine] INFO   LYV: 0.7924 (CRITICAL) — 17 signals
2026-04-01 09:00:51 [score_engine] INFO   TLT: 0.4450 (MODERATE) — 13 signals
2026-04-01 09:00:51 [score_engine] INFO   SLV: 0.5622 (ELEVATED) — 14 signals
2026-04-01 09:00:51 [score_engine] INFO   BK: 0.7094 (ELEVATED) — 14 signals
2026-04-01 09:00:52 [score_engine] INFO   INCY: 0.8273 (CRITICAL) — 15 signals
2026-04-01 09:00:52 [score_engine] INFO   NEAR-USD: 0.3595 (MODERATE) — 5 signals
2026-04-01 09:00:52 [score_engine] INFO   CRM: 0.5083 (ELEVATED) — 15 signals
2026-04-01 09:00:52 [score_engine] INFO   ON: 0.6701 (ELEVATED) — 15 signals
2026-04-01 09:00:52 [score_engine] INFO   DAL: 0.2782 (MODERATE) — 12 signals
2026-04-01 09:00:53 [score_engine] INFO   CVX: 0.9373 (CRITICAL) — 18 signals
2026-04-01 09:00:53 [score_engine] INFO   SNOW: 0.8932 (CRITICAL) — 17 signals
2026-04-01 09:00:53 [score_engine] INFO   FIL-USD: 0.3727 (MODERATE) — 5 signals
2026-04-01 09:00:53 [score_engine] INFO   ZTS: 0.4124 (MODERATE) — 13 signals
2026-04-01 09:00:53 [score_engine] INFO   VOO: 0.3772 (MODERATE) — 13 signals
2026-04-01 09:00:53 [score_engine] INFO   NVDA: 0.7940 (CRITICAL) — 16 signals
2026-04-01 09:00:54 [score_engine] INFO   CRV-USD: 0.4205 (MODERATE) — 5 signals
2026-04-01 09:00:54 [score_engine] INFO   XTZ-USD: 0.3500 (MODERATE) — 5 signals
2026-04-01 09:00:54 [score_engine] INFO   MANA-USD: 0.4272 (MODERATE) — 5 signals
2026-04-01 09:00:55 [score_engine] INFO   GOOGL: 0.4348 (MODERATE) — 13 signals
2026-04-01 09:00:55 [score_engine] INFO   PLUG: 0.7893 (CRITICAL) — 14 signals
2026-04-01 09:00:55 [score_engine] INFO   BRK-B: 0.6496 (ELEVATED) — 14 signals
2026-04-01 09:00:55 [score_engine] INFO   ESTC: 0.9125 (CRITICAL) — 16 signals
2026-04-01 09:00:55 [score_engine] INFO   WIF-USD: 0.3333 (MODERATE) — 5 signals
2026-04-01 09:00:55 [score_engine] INFO   USO: 0.9255 (CRITICAL) — 17 signals
2026-04-01 09:00:56 [score_engine] INFO   HACK: 0.4282 (MODERATE) — 14 signals
2026-04-01 09:00:56 [score_engine] INFO   VIG: 0.3962 (MODERATE) — 13 signals
2026-04-01 09:00:56 [score_engine] INFO   ICLN: 0.3128 (MODERATE) — 12 signals
2026-04-01 09:00:56 [score_engine] INFO   APO: 0.7832 (CRITICAL) — 15 signals
2026-04-01 09:00:56 [score_engine] INFO   AEP: 0.3986 (MODERATE) — 14 signals
2026-04-01 09:00:56 [score_engine] INFO   GILD: 0.5990 (ELEVATED) — 13 signals
2026-04-01 09:00:57 [score_engine] INFO   ADBE: 0.4381 (MODERATE) — 13 signals
2026-04-01 09:00:57 [score_engine] INFO   CINF: 0.2580 (MODERATE) — 12 signals
2026-04-01 09:00:57 [score_engine] INFO   COMT: 0.5957 (ELEVATED) — 13 signals
2026-04-01 09:00:58 [score_engine] INFO   FSLR: 0.9510 (CRITICAL) — 16 signals
2026-04-01 09:00:58 [score_engine] INFO   TSLA: 0.4705 (MODERATE) — 13 signals
2026-04-01 09:00:58 [score_engine] INFO   STLD: 0.3998 (MODERATE) — 12 signals
2026-04-01 09:00:58 [score_engine] INFO   ALGO-USD: 0.6690 (ELEVATED) — 7 signals
2026-04-01 09:00:59 [score_engine] INFO   WEAT: 0.5005 (ELEVATED) — 13 signals
2026-04-01 09:00:59 [score_engine] INFO   DIVO: 0.2709 (MODERATE) — 12 signals
2026-04-01 09:00:59 [score_engine] INFO   ENS-USD: 0.3423 (MODERATE) — 5 signals
2026-04-01 09:00:59 [score_engine] INFO   PNR: 0.4507 (MODERATE) — 13 signals
2026-04-01 09:00:59 [score_engine] INFO   FISV: 0.3928 (MODERATE) — 13 signals
2026-04-01 09:00:59 [score_engine] INFO   MGM: 0.6198 (ELEVATED) — 15 signals
2026-04-01 09:00:59 [score_engine] INFO   FDS: 0.6304 (ELEVATED) — 17 signals
2026-04-01 09:01:00 [score_engine] INFO   CMG: 0.5132 (ELEVATED) — 13 signals
2026-04-01 09:01:00 [score_engine] INFO   BMY: 0.5681 (ELEVATED) — 14 signals
2026-04-01 09:01:00 [score_engine] INFO   KEYS: 0.8955 (CRITICAL) — 16 signals
2026-04-01 09:01:00 [score_engine] INFO   SEDG: 0.8967 (CRITICAL) — 18 signals
2026-04-01 09:01:00 [score_engine] INFO   CDNS: 0.6513 (ELEVATED) — 14 signals
2026-04-01 09:01:01 [score_engine] INFO   TSCO: 0.4071 (MODERATE) — 13 signals
2026-04-01 09:01:01 [score_engine] INFO   PSQ: 0.3615 (MODERATE) — 12 signals
2026-04-01 09:01:01 [score_engine] INFO   BLNK: 0.9253 (CRITICAL) — 16 signals
2026-04-01 09:01:01 [score_engine] INFO   MS: 0.6244 (ELEVATED) — 15 signals
2026-04-01 09:01:01 [score_engine] INFO   TAP: 0.4842 (MODERATE) — 13 signals
2026-04-01 09:01:01 [score_engine] INFO   SEI-USD: 0.7029 (ELEVATED) — 6 signals
2026-04-01 09:01:01 [score_engine] INFO   XLU: 0.4309 (MODERATE) — 13 signals
2026-04-01 09:01:02 [score_engine] INFO   QRVO: 0.6543 (ELEVATED) — 14 signals
2026-04-01 09:01:02 [score_engine] INFO   EQIX: 0.7307 (ELEVATED) — 14 signals
2026-04-01 09:01:02 [score_engine] INFO   SYY: 0.9824 (CRITICAL) — 22 signals
2026-04-01 09:01:02 [score_engine] INFO   URI: 0.3987 (MODERATE) — 12 signals
2026-04-01 09:01:02 [score_engine] INFO   CL: 0.3897 (MODERATE) — 13 signals
2026-04-01 09:01:02 [score_engine] INFO   CPAY: 0.7980 (CRITICAL) — 14 signals
2026-04-01 09:01:03 [score_engine] INFO   ADA: 0.3721 (MODERATE) — 13 signals
2026-04-01 09:01:03 [score_engine] INFO   SOYB: 0.4427 (MODERATE) — 15 signals
2026-04-01 09:01:03 [score_engine] INFO   ITW: 0.4068 (MODERATE) — 12 signals
2026-04-01 09:01:03 [score_engine] INFO   AAL: 0.8092 (CRITICAL) — 15 signals
2026-04-01 09:01:03 [score_engine] INFO   VLTO: 0.5878 (ELEVATED) — 13 signals
2026-04-01 09:01:03 [score_engine] INFO   BRO: 0.4901 (MODERATE) — 14 signals
2026-04-01 09:01:03 [score_engine] INFO   HIG: 0.4613 (MODERATE) — 13 signals
2026-04-01 09:01:03 [score_engine] INFO   AA: 0.9322 (CRITICAL) — 21 signals
2026-04-01 09:01:03 [score_engine] INFO   FDX: 0.6935 (ELEVATED) — 13 signals
2026-04-01 09:01:04 [score_engine] INFO   HAS: 0.3056 (MODERATE) — 12 signals
2026-04-01 09:01:04 [score_engine] INFO   COHR: 0.3491 (MODERATE) — 5 signals
2026-04-01 09:01:04 [score_engine] INFO   CCL: 0.6240 (ELEVATED) — 14 signals
2026-04-01 09:01:04 [score_engine] INFO   AEE: 0.6833 (ELEVATED) — 14 signals
2026-04-01 09:01:04 [score_engine] INFO   ECL: 0.6241 (ELEVATED) — 14 signals
2026-04-01 09:01:04 [score_engine] INFO   BKR: 0.6623 (ELEVATED) — 16 signals
2026-04-01 09:01:04 [score_engine] INFO   TYL: 0.6026 (ELEVATED) — 14 signals
2026-04-01 09:01:05 [score_engine] INFO   INJ-USD: 0.5622 (ELEVATED) — 5 signals
2026-04-01 09:01:05 [score_engine] INFO   SAND-USD: 0.3577 (MODERATE) — 5 signals
2026-04-01 09:01:05 [score_engine] INFO   JEPQ: 0.4724 (MODERATE) — 13 signals
2026-04-01 09:01:05 [score_engine] INFO   MLM: 0.3482 (MODERATE) — 12 signals
2026-04-01 09:01:05 [score_engine] INFO   CCI: 0.5341 (ELEVATED) — 14 signals
2026-04-01 09:01:05 [score_engine] INFO   XYZ: 0.4261 (MODERATE) — 14 signals
2026-04-01 09:01:06 [score_engine] INFO   EFA: 0.5333 (ELEVATED) — 13 signals
2026-04-01 09:01:06 [score_engine] INFO   SIZE: 0.3628 (MODERATE) — 12 signals
2026-04-01 09:01:06 [score_engine] INFO   META: 0.7542 (CRITICAL) — 17 signals
2026-04-01 09:01:06 [score_engine] INFO   NEM: 0.7693 (CRITICAL) — 15 signals
2026-04-01 09:01:06 [score_engine] INFO   SCHH: 0.2646 (MODERATE) — 12 signals
2026-04-01 09:01:07 [score_engine] INFO   LCID: 0.9167 (CRITICAL) — 16 signals
2026-04-01 09:01:07 [score_engine] INFO   IDXX: 0.6570 (ELEVATED) — 13 signals
2026-04-01 09:01:07 [score_engine] INFO   EWY: 0.7115 (ELEVATED) — 13 signals
2026-04-01 09:01:07 [score_engine] INFO   HD: 0.7208 (ELEVATED) — 15 signals
2026-04-01 09:01:07 [score_engine] INFO   VLUE: 0.4520 (MODERATE) — 14 signals
2026-04-01 09:01:07 [score_engine] INFO   V: 0.3626 (MODERATE) — 14 signals
2026-04-01 09:01:08 [score_engine] INFO   WEC: 0.2822 (MODERATE) — 5 signals
2026-04-01 09:01:08 [score_engine] INFO   MSTR: 0.9385 (CRITICAL) — 18 signals
2026-04-01 09:01:08 [score_engine] INFO   BBY: 0.8993 (CRITICAL) — 16 signals
2026-04-01 09:01:08 [score_engine] INFO   HRL: 0.7060 (ELEVATED) — 15 signals
2026-04-01 09:01:08 [score_engine] INFO   BLK: 0.5338 (ELEVATED) — 14 signals
2026-04-01 09:01:09 [score_engine] INFO   AMAT: 0.6361 (ELEVATED) — 15 signals
2026-04-01 09:01:09 [score_engine] INFO   CPT: 0.4222 (MODERATE) — 13 signals
2026-04-01 09:01:09 [score_engine] INFO   RSG: 0.6136 (ELEVATED) — 16 signals
2026-04-01 09:01:09 [score_engine] INFO   NWSA: 0.9033 (CRITICAL) — 15 signals
2026-04-01 09:01:09 [score_engine] INFO   DOT-USD: 0.4576 (MODERATE) — 5 signals
2026-04-01 09:01:09 [score_engine] INFO   ROKU: 0.9052 (CRITICAL) — 17 signals
2026-04-01 09:01:09 [score_engine] INFO   SHW: 0.3413 (MODERATE) — 12 signals
2026-04-01 09:01:09 [score_engine] INFO   RIVN: 0.6342 (ELEVATED) — 14 signals
2026-04-01 09:01:09 [score_engine] INFO   UVXY: 0.9842 (CRITICAL) — 19 signals
2026-04-01 09:01:10 [score_engine] INFO   XLV: 0.5201 (ELEVATED) — 14 signals
2026-04-01 09:01:10 [score_engine] INFO   BUD: 0.7697 (CRITICAL) — 14 signals
2026-04-01 09:01:10 [score_engine] INFO   BIDU: 0.4106 (MODERATE) — 12 signals
2026-04-01 09:01:10 [score_engine] INFO   AXON: 0.9073 (CRITICAL) — 16 signals
2026-04-01 09:01:10 [score_engine] INFO   FOX: 0.8677 (CRITICAL) — 16 signals
2026-04-01 09:01:10 [score_engine] INFO   AZN: 0.4273 (MODERATE) — 15 signals
2026-04-01 09:01:10 [score_engine] INFO   U: 0.8212 (CRITICAL) — 15 signals
2026-04-01 09:01:11 [score_engine] INFO   NOC: 0.8138 (CRITICAL) — 17 signals
2026-04-01 09:01:11 [score_engine] INFO   MOH: 0.8600 (CRITICAL) — 16 signals
2026-04-01 09:01:11 [score_engine] INFO   UBER: 0.8139 (CRITICAL) — 15 signals
2026-04-01 09:01:11 [score_engine] INFO   EMR: 0.6309 (ELEVATED) — 14 signals
2026-04-01 09:01:11 [score_engine] INFO   GL: 0.5994 (ELEVATED) — 14 signals
2026-04-01 09:01:11 [score_engine] INFO   ROST: 0.7347 (ELEVATED) — 14 signals
2026-04-01 09:01:11 [score_engine] INFO   CPER: 0.4077 (MODERATE) — 13 signals
2026-04-01 09:01:12 [score_engine] INFO   SKYY: 0.4722 (MODERATE) — 13 signals
2026-04-01 09:01:12 [score_engine] INFO   LQD: 0.6343 (ELEVATED) — 14 signals
2026-04-01 09:01:12 [score_engine] INFO   PEP: 0.3117 (MODERATE) — 12 signals
2026-04-01 09:01:12 [score_engine] INFO   CTAS: 0.5285 (ELEVATED) — 14 signals
2026-04-01 09:01:12 [score_engine] INFO   EWZ: 0.4622 (MODERATE) — 13 signals
2026-04-01 09:01:12 [score_engine] INFO   WBD: 0.9498 (CRITICAL) — 16 signals
2026-04-01 09:01:12 [score_engine] INFO   FIX: 0.2810 (MODERATE) — 5 signals
2026-04-01 09:01:13 [score_engine] INFO   NKE: 0.6374 (ELEVATED) — 14 signals
2026-04-01 09:01:13 [score_engine] INFO   KLAC: 0.2730 (MODERATE) — 5 signals
2026-04-01 09:01:13 [score_engine] INFO   FOXA: 0.8759 (CRITICAL) — 17 signals
2026-04-01 09:01:13 [score_engine] INFO   QCLN: 0.6251 (ELEVATED) — 14 signals
2026-04-01 09:01:13 [score_engine] INFO   CAH: 0.3268 (MODERATE) — 12 signals
2026-04-01 09:01:13 [score_engine] INFO   TRI: 0.5955 (ELEVATED) — 14 signals
2026-04-01 09:01:14 [score_engine] INFO   VWO: 0.3922 (MODERATE) — 13 signals
2026-04-01 09:01:14 [score_engine] INFO   HOOD: 0.8957 (CRITICAL) — 16 signals
2026-04-01 09:01:14 [score_engine] INFO   DRI: 0.4762 (MODERATE) — 15 signals
2026-04-01 09:01:14 [score_engine] INFO   QYLD: 0.2911 (MODERATE) — 12 signals
2026-04-01 09:01:14 [score_engine] INFO   NSC: 0.4390 (MODERATE) — 13 signals
2026-04-01 09:01:14 [score_engine] INFO   HLT: 0.3056 (MODERATE) — 13 signals
2026-04-01 09:01:14 [score_engine] INFO   TECH: 0.6412 (ELEVATED) — 15 signals
2026-04-01 09:01:14 [score_engine] INFO   WDC: 0.8255 (CRITICAL) — 21 signals
2026-04-01 09:01:14 [score_engine] INFO   ZBH: 0.5657 (ELEVATED) — 14 signals
2026-04-01 09:01:15 [score_engine] INFO   MCO: 0.7176 (ELEVATED) — 14 signals
2026-04-01 09:01:15 [score_engine] INFO   IFF: 0.3918 (MODERATE) — 12 signals
2026-04-01 09:01:15 [score_engine] INFO   GSG: 0.4273 (MODERATE) — 12 signals
2026-04-01 09:01:15 [score_engine] INFO   LYFT: 0.5871 (ELEVATED) — 14 signals
2026-04-01 09:01:15 [score_engine] INFO   RBLX: 0.8273 (CRITICAL) — 17 signals
2026-04-01 09:01:15 [score_engine] INFO   CG: 0.9292 (CRITICAL) — 16 signals
2026-04-01 09:01:15 [score_engine] INFO   TM: 0.7767 (CRITICAL) — 14 signals
2026-04-01 09:01:15 [score_engine] INFO   PALL: 0.4638 (MODERATE) — 15 signals
2026-04-01 09:01:16 [score_engine] INFO   PSX: 0.7840 (CRITICAL) — 15 signals
2026-04-01 09:01:16 [score_engine] INFO   ABBV: 0.2914 (MODERATE) — 12 signals
2026-04-01 09:01:16 [score_engine] INFO   LOW: 0.3611 (MODERATE) — 13 signals
2026-04-01 09:01:16 [score_engine] INFO   HON: 0.5364 (ELEVATED) — 13 signals
2026-04-01 09:01:16 [score_engine] INFO   SCHD: 0.3864 (MODERATE) — 14 signals
2026-04-01 09:01:16 [score_engine] INFO   IT: 0.4754 (MODERATE) — 14 signals
2026-04-01 09:01:17 [score_engine] INFO   LHX: 0.8798 (CRITICAL) — 16 signals
2026-04-01 09:01:17 [score_engine] INFO   PG: 0.5774 (ELEVATED) — 14 signals
2026-04-01 09:01:17 [score_engine] INFO   MNST: 0.7462 (ELEVATED) — 14 signals
2026-04-01 09:01:17 [score_engine] INFO   PLD: 0.2763 (MODERATE) — 12 signals
2026-04-01 09:01:17 [score_engine] INFO   XLB: 0.4026 (MODERATE) — 13 signals
2026-04-01 09:01:17 [score_engine] INFO   LIT: 0.4522 (MODERATE) — 16 signals
2026-04-01 09:01:18 [score_engine] INFO   SLB: 0.6975 (ELEVATED) — 15 signals
2026-04-01 09:01:18 [score_engine] INFO   ULTA: 0.4832 (MODERATE) — 14 signals
2026-04-01 09:01:18 [score_engine] INFO   HSIC: 0.6560 (ELEVATED) — 14 signals
2026-04-01 09:01:19 [score_engine] INFO   DPZ: 0.7533 (CRITICAL) — 15 signals
2026-04-01 09:01:19 [score_engine] INFO   IBKR: 0.5278 (ELEVATED) — 13 signals
2026-04-01 09:01:19 [score_engine] INFO   DG: 0.7949 (CRITICAL) — 15 signals
2026-04-01 09:01:19 [score_engine] INFO   GDDY: 0.9329 (CRITICAL) — 16 signals
2026-04-01 09:01:19 [score_engine] INFO   DELL: 0.9298 (CRITICAL) — 17 signals
2026-04-01 09:01:19 [score_engine] INFO   SQQQ: 0.7875 (CRITICAL) — 16 signals
2026-04-01 09:01:20 [score_engine] INFO   TFC: 0.5040 (ELEVATED) — 13 signals
2026-04-01 09:01:20 [score_engine] INFO   EXPE: 0.6171 (ELEVATED) — 16 signals
2026-04-01 09:01:20 [score_engine] INFO   TMUS: 0.8447 (CRITICAL) — 16 signals
2026-04-01 09:01:20 [score_engine] INFO   GM: 0.3225 (MODERATE) — 13 signals
2026-04-01 09:01:20 [score_engine] INFO   IWD: 0.2716 (MODERATE) — 12 signals
2026-04-01 09:01:20 [score_engine] INFO   SNDK: 0.7145 (ELEVATED) — 19 signals
2026-04-01 09:01:20 [score_engine] INFO   DASH: 0.6519 (ELEVATED) — 14 signals
2026-04-01 09:01:21 [score_engine] INFO   CARR: 0.8137 (CRITICAL) — 14 signals
2026-04-01 09:01:21 [score_engine] INFO   AWK: 0.3072 (MODERATE) — 13 signals
2026-04-01 09:01:21 [score_engine] INFO   TME: 0.5271 (ELEVATED) — 13 signals
2026-04-01 09:01:21 [score_engine] INFO   DGX: 0.7011 (ELEVATED) — 14 signals
2026-04-01 09:01:21 [score_engine] INFO   MTCH: 0.4538 (MODERATE) — 16 signals
2026-04-01 09:01:21 [score_engine] INFO   H: 0.8944 (CRITICAL) — 15 signals
2026-04-01 09:01:21 [score_engine] INFO   HYG: 0.7114 (ELEVATED) — 14 signals
2026-04-01 09:01:22 [score_engine] INFO   PNC: 0.6609 (ELEVATED) — 13 signals
2026-04-01 09:01:22 [score_engine] INFO   RTX: 0.5655 (ELEVATED) — 15 signals
2026-04-01 09:01:22 [score_engine] INFO   IP: 0.7951 (CRITICAL) — 15 signals
2026-04-01 09:01:22 [score_engine] INFO   VRT: 0.7970 (CRITICAL) — 14 signals
2026-04-01 09:01:22 [score_engine] INFO   HPQ: 0.7374 (ELEVATED) — 16 signals
2026-04-01 09:01:22 [score_engine] INFO   ES: 0.4248 (MODERATE) — 13 signals
2026-04-01 09:01:22 [score_engine] INFO   SPXS: 0.8414 (CRITICAL) — 17 signals
2026-04-01 09:01:23 [score_engine] INFO   BIIB: 0.8943 (CRITICAL) — 17 signals
2026-04-01 09:01:23 [score_engine] INFO   EBAY: 0.7619 (CRITICAL) — 16 signals
2026-04-01 09:01:23 [score_engine] INFO   WYNN: 0.6455 (ELEVATED) — 14 signals
2026-04-01 09:01:23 [score_engine] INFO   PSKY: 0.7767 (CRITICAL) — 16 signals
2026-04-01 09:01:23 [score_engine] INFO   SOXX: 0.5709 (ELEVATED) — 14 signals
2026-04-01 09:01:23 [score_engine] INFO   UNG: 0.4733 (MODERATE) — 16 signals
2026-04-01 09:01:23 [score_engine] INFO   FCX: 0.7072 (ELEVATED) — 19 signals
2026-04-01 09:01:24 [score_engine] INFO   APTV: 0.5023 (ELEVATED) — 14 signals
2026-04-01 09:01:24 [score_engine] INFO   OKE: 0.7328 (ELEVATED) — 15 signals
2026-04-01 09:01:24 [score_engine] INFO   GIS: 0.8055 (CRITICAL) — 16 signals
2026-04-01 09:01:24 [score_engine] INFO   DOC: 0.4730 (MODERATE) — 14 signals
2026-04-01 09:01:24 [score_engine] INFO   STE: 0.3360 (MODERATE) — 12 signals
2026-04-01 09:01:24 [score_engine] INFO   NIO: 0.7632 (CRITICAL) — 18 signals
2026-04-01 09:01:24 [score_engine] INFO   NEE: 0.8960 (CRITICAL) — 15 signals
2026-04-01 09:01:25 [score_engine] INFO   EXR: 0.3707 (MODERATE) — 12 signals
2026-04-01 09:01:25 [score_engine] INFO   AAPL: 0.3198 (MODERATE) — 13 signals
2026-04-01 09:01:25 [score_engine] INFO   ERIE: 0.4219 (MODERATE) — 13 signals
2026-04-01 09:01:25 [score_engine] INFO   CEG: 0.8333 (CRITICAL) — 15 signals
2026-04-01 09:01:25 [score_engine] INFO   KVUE: 0.7587 (CRITICAL) — 14 signals
2026-04-01 09:01:25 [score_engine] INFO   LULU: 0.8033 (CRITICAL) — 14 signals
2026-04-01 09:01:25 [score_engine] INFO   IBB: 0.3170 (MODERATE) — 13 signals
2026-04-01 09:01:26 [score_engine] INFO   HUM: 0.3253 (MODERATE) — 12 signals
2026-04-01 09:01:26 [score_engine] INFO   TDG: 0.6732 (ELEVATED) — 14 signals
2026-04-01 09:01:26 [score_engine] INFO   ISRG: 0.5563 (ELEVATED) — 13 signals
2026-04-01 09:01:26 [score_engine] INFO   ZBRA: 0.5713 (ELEVATED) — 14 signals
2026-04-01 09:01:26 [score_engine] INFO   STLA: 0.5942 (ELEVATED) — 15 signals
2026-04-01 09:01:27 [score_engine] INFO   COR: 0.7528 (CRITICAL) — 14 signals
2026-04-01 09:01:27 [score_engine] INFO   NRG: 0.9657 (CRITICAL) — 19 signals
2026-04-01 09:01:27 [score_engine] INFO   VGT: 0.4674 (MODERATE) — 14 signals
2026-04-01 09:01:27 [score_engine] INFO   UNP: 0.4136 (MODERATE) — 13 signals
2026-04-01 09:01:27 [score_engine] INFO   UPS: 0.4114 (MODERATE) — 12 signals
2026-04-01 09:01:27 [score_engine] INFO   GEHC: 0.7743 (CRITICAL) — 15 signals
2026-04-01 09:01:28 [score_engine] INFO   SVXY: 0.8198 (CRITICAL) — 17 signals
2026-04-01 09:01:28 [score_engine] INFO   ABT: 0.7733 (CRITICAL) — 13 signals
2026-04-01 09:01:28 [score_engine] INFO   OKTA: 0.6043 (ELEVATED) — 14 signals
2026-04-01 09:01:28 [score_engine] INFO   CBRE: 0.6486 (ELEVATED) — 14 signals
2026-04-01 09:01:28 [score_engine] INFO   RUN: 0.9649 (CRITICAL) — 18 signals
2026-04-01 09:01:28 [score_engine] INFO   TAN: 0.3359 (MODERATE) — 12 signals
2026-04-01 09:01:28 [score_engine] INFO   JNJ: 0.6518 (ELEVATED) — 15 signals
2026-04-01 09:01:28 [score_engine] INFO   VET-USD: 0.3506 (MODERATE) — 5 signals
2026-04-01 09:01:29 [score_engine] INFO   XYL: 0.3663 (MODERATE) — 12 signals
2026-04-01 09:01:29 [score_engine] INFO Scored 725 securities (725 with signals)
